#
# A fatal error has been detected by the Java Runtime Environment:
#
#  SIGSEGV (0xb) at pc=0x00000001118ed380, pid=11416, tid=259
#
# JRE version: OpenJDK Runtime Environment (17.0.2+8) (build 17.0.2+8-86)
# Java VM: OpenJDK 64-Bit Server VM (17.0.2+8-86, mixed mode, sharing, tiered, compressed oops, compressed class ptrs, g1 gc, bsd-amd64)
# Problematic frame:
# V  [libjvm.dylib+0x9b1380]  _ZN16SystemDictionary30resolve_instance_class_or_nullEP6Symbol6HandleS2_P10JavaThread+0x170
#
# No core dump will be written. Core dumps have been disabled. To enable core dumping, try "ulimit -c unlimited" before starting Java again
#
# If you would like to submit a bug report, please visit:
#   https://bugreport.java.com/bugreport/crash.jsp
# The crash happened outside the Java Virtual Machine in native code.
# See problematic frame for where to report the bug.
#

---------------  S U M M A R Y ------------

Command Line: -javaagent:/Users/basem/Library/Application Support/JetBrains/Toolbox/apps/IDEA-U/ch-0/212.4746.92/IntelliJ IDEA.app/Contents/lib/idea_rt.jar=54401:/Users/basem/Library/Application Support/JetBrains/Toolbox/apps/IDEA-U/ch-0/212.4746.92/IntelliJ IDEA.app/Contents/bin -Dfile.encoding=UTF-8 --module-path=/Users/basem/.m2/repository/org/openjfx/javafx-controls/17-ea+11/javafx-controls-17-ea+11-mac.jar:/Users/basem/.m2/repository/org/projectlombok/lombok/1.18.22/lombok-1.18.22.jar:/Users/basem/.m2/repository/org/openjfx/javafx-graphics/17-ea+11/javafx-graphics-17-ea+11-mac.jar:/Users/basem/Desktop/FH Technikum/SEM2/SWEN/TourPlanner/target/classes:/Users/basem/.m2/repository/org/openjfx/javafx-base/17-ea+11/javafx-base-17-ea+11-mac.jar:/Users/basem/.m2/repository/org/openjfx/javafx-fxml/16/javafx-fxml-16-mac.jar -Djdk.module.main=com.example.tourplanner com.example.tourplanner/com.example.tourplanner.TourPlannerApplication

Host: "MacBookPro14,1" x86_64 2300 MHz, 4 cores, 8G, Darwin 21.4.0, macOS 12.3 (21E230)
Time: Tue Mar 29 13:52:05 2022 CEST elapsed time: 0.759933 seconds (0d 0h 0m 0s)

---------------  T H R E A D  ---------------

Current thread (0x00007fb63da9da00):  JavaThread "Thread-1" [_thread_in_native, id=259, stack(0x00007ff7af92e000,0x00007ff7b012e000)]

Stack: [0x00007ff7af92e000,0x00007ff7b012e000],  sp=0x00007ff7b0129240,  free space=8172k
Native frames: (J=compiled Java code, j=interpreted, Vv=VM code, C=native code)
V  [libjvm.dylib+0x9b1380]  _ZN16SystemDictionary30resolve_instance_class_or_nullEP6Symbol6HandleS2_P10JavaThread+0x170
V  [libjvm.dylib+0x9b0ce4]  _ZN16SystemDictionary15resolve_or_failEP6Symbol6HandleS2_bP10JavaThread+0x64
V  [libjvm.dylib+0x3405d7]  _ZN12ConstantPool13klass_at_implERK18constantPoolHandleiP10JavaThread+0x1a7
V  [libjvm.dylib+0x3411a9]  _ZN12ConstantPool12klass_ref_atEiP10JavaThread+0xa9
V  [libjvm.dylib+0x7139fc]  _ZN8LinkInfoC2ERK18constantPoolHandleiP10JavaThread+0x3c
V  [libjvm.dylib+0x7189b5]  _ZN12LinkResolver14resolve_invokeER8CallInfo6HandleRK18constantPoolHandleiN9Bytecodes4CodeEP10JavaThread+0x65
V  [libjvm.dylib+0x4ff9c9]  _ZN18InterpreterRuntime14resolve_invokeEP10JavaThreadN9Bytecodes4CodeE+0x339
V  [libjvm.dylib+0x500069]  _ZN18InterpreterRuntime18resolve_from_cacheEP10JavaThreadN9Bytecodes4CodeE+0x59
j  com.sun.glass.ui.Screen.<clinit>()V+9 javafx.graphics
v  ~StubRoutines::call_stub
V  [libjvm.dylib+0x506501]  _ZN9JavaCalls11call_helperEP9JavaValueRK12methodHandleP17JavaCallArgumentsP10JavaThread+0x2a1
V  [libjvm.dylib+0x4e47e4]  _ZN13InstanceKlass22call_class_initializerEP10JavaThread+0x254
V  [libjvm.dylib+0x4e3e87]  _ZN13InstanceKlass15initialize_implEP10JavaThread+0x597
V  [libjvm.dylib+0x7166c3]  _ZN12LinkResolver19resolve_static_callER8CallInfoRK8LinkInfobP10JavaThread+0x73
V  [libjvm.dylib+0x7189d0]  _ZN12LinkResolver14resolve_invokeER8CallInfo6HandleRK18constantPoolHandleiN9Bytecodes4CodeEP10JavaThread+0x80
V  [libjvm.dylib+0x4ff9c9]  _ZN18InterpreterRuntime14resolve_invokeEP10JavaThreadN9Bytecodes4CodeE+0x339
V  [libjvm.dylib+0x500069]  _ZN18InterpreterRuntime18resolve_from_cacheEP10JavaThreadN9Bytecodes4CodeE+0x59
j  com.sun.glass.ui.Application.lambda$run$1(Ljava/lang/Runnable;)V+0 javafx.graphics
j  com.sun.glass.ui.Application$$Lambda$78+0x0000000800c2ccb0.run()V+4 javafx.graphics
j  com.sun.glass.ui.mac.MacApplication.lambda$runLoop$3(Ljava/lang/Runnable;)V+12 javafx.graphics
j  com.sun.glass.ui.mac.MacApplication$$Lambda$79+0x0000000800c2c400.run()V+8 javafx.graphics
v  ~StubRoutines::call_stub
V  [libjvm.dylib+0x506501]  _ZN9JavaCalls11call_helperEP9JavaValueRK12methodHandleP17JavaCallArgumentsP10JavaThread+0x2a1
V  [libjvm.dylib+0x55fe96]  _ZL20jni_invoke_nonstaticP7JNIEnv_P9JavaValueP8_jobject11JNICallTypeP10_jmethodIDP18JNI_ArgumentPusherP10JavaThread+0x2d6
V  [libjvm.dylib+0x564376]  jni_CallVoidMethod+0x1a6
C  [libglass.dylib+0x91e2]  -[GlassApplication applicationWillFinishLaunching:]+0x192
C  [CoreFoundation+0x7503c]  __CFNOTIFICATIONCENTER_IS_CALLING_OUT_TO_AN_OBSERVER__+0xc
C  [CoreFoundation+0x112592]  ___CFXRegistrationPost_block_invoke+0x31
C  [CoreFoundation+0x112510]  _CFXRegistrationPost+0x1f0
C  [CoreFoundation+0x46ca8]  _CFXNotificationPost+0x2df
C  [Foundation+0x990e]  -[NSNotificationCenter postNotificationName:object:userInfo:]+0x52
C  [AppKit+0x2f5df]  -[NSApplication finishLaunching]+0x147
C  [AppKit+0x2f1e9]  -[NSApplication run]+0xfa
C  [libglass.dylib+0xaed7]  -[GlassApplication runLoop:]+0x767
C  [Foundation+0x81857]  __NSThreadPerformPerform+0xb3
C  [CoreFoundation+0x7faeb]  __CFRUNLOOP_IS_CALLING_OUT_TO_A_SOURCE0_PERFORM_FUNCTION__+0x11
C  [CoreFoundation+0x7fa53]  __CFRunLoopDoSource0+0xb4
C  [CoreFoundation+0x7f7cd]  __CFRunLoopDoSources0+0xf2
C  [CoreFoundation+0x7e1e8]  __CFRunLoopRun+0x37c
C  [CoreFoundation+0x7d7ac]  CFRunLoopRunSpecific+0x232
C  [libjli.dylib+0x70b2]  CreateExecutionEnvironment+0x182
C  [libjli.dylib+0x2c15]  JLI_Launch+0x585
C  [java+0x3c11]  main+0x191
C  0x000000011b19451e

Java frames: (J=compiled Java code, j=interpreted, Vv=VM code)
j  com.sun.glass.ui.Screen.<clinit>()V+9 javafx.graphics
v  ~StubRoutines::call_stub
j  com.sun.glass.ui.Application.lambda$run$1(Ljava/lang/Runnable;)V+0 javafx.graphics
j  com.sun.glass.ui.Application$$Lambda$78+0x0000000800c2ccb0.run()V+4 javafx.graphics
j  com.sun.glass.ui.mac.MacApplication.lambda$runLoop$3(Ljava/lang/Runnable;)V+12 javafx.graphics
j  com.sun.glass.ui.mac.MacApplication$$Lambda$79+0x0000000800c2c400.run()V+8 javafx.graphics
v  ~StubRoutines::call_stub

siginfo: si_signo: 11 (SIGSEGV), si_code: 0 (unknown), si_addr: 0x0000000000000000

Register to memory mapping:

RAX=0xf0fe32caf0f7994b is an unknown value
RBX=0x0000600003df61c0 points into unknown readable memory: 0x0000000000000002 | 02 00 00 00 00 00 00 00
RCX=0x0000000111b9b906: _ZN16LogTagSetMappingILN6LogTag4typeE81ELS1_0ELS1_0ELS1_0ELS1_0ELS1_0EE7_tagsetE+0x2e in /Users/basem/Library/Java/JavaVirtualMachines/openjdk-17.0.2/Contents/Home/lib/server/libjvm.dylib at 0x0000000110f3c000
RDX=0x0000000800000000 is pointing into metadata
RSP=0x00007ff7b0129240 is pointing into the stack for thread: 0x00007fb63da9da00
RBP=0x00007ff7b0129340 is pointing into the stack for thread: 0x00007fb63da9da00
RSI=0x000000080000ee48 is a pointer to class: 
java.security.ProtectionDomain {0x000000080000ee48}
 - instance size:     5
 - klass size:        68
 - access:            public synchronized 
 - state:             fully_initialized
 - name:              'java/security/ProtectionDomain'
 - super:             'java/lang/Object'
 - sub:               
 - arrays:            'java/security/ProtectionDomain'[]
 - methods:           Array<T>(0x0000000800b261f8)
 - method ordering:   Array<T>(0x0000000800b261c0)
 - default_methods:   Array<T>(0x0000000000000000)
 - local interfaces:  Array<T>(0x00000008005d7608)
 - trans. interfaces: Array<T>(0x00000008005d7608)
 - constants:         constant pool [324] {0x0000000800b26328} for 'java/security/ProtectionDomain' cache=0x0000000800425598
 - class loader data:  loader data: 0x00006000019cc320 of 'bootstrap'
 - source file:       'ProtectionDomain.java'
 - class annotations:       Array<T>(0x0000000000000000)
 - class type annotations:  Array<T>(0x0000000000000000)
 - field annotations:       Array<T>(0x0000000000000000)
 - field type annotations:  Array<T>(0x0000000000000000)
 - inner classes:     Array<T>(0x0000000800b27938)
 - nest members:     Array<T>(0x0000000800b261b0)
 - permitted subclasses:     Array<T>(0x00000008005d7598)
 - java mirror:       a 'java/lang/Class'{0x00000007ffe02e10} = 'java/security/ProtectionDomain'
 - vtable length      7  (start addr: 0x000000080000f018)
 - itable length      2 (start addr: 0x000000080000f050)
 - ---- static fields (1 words):
 - private static final 'filePermCompatInPD' 'Z' @112 
 - ---- non-static fields (6 words):
 - private 'hasAllPerm' 'Z' @12 
 - private final 'staticPermissions' 'Z' @13 
 - private 'codesource' 'Ljava/security/CodeSource;' @16 
 - private 'classloader' 'Ljava/lang/ClassLoader;' @20 
 - private 'principals' '[Ljava/security/Principal;' @24 
 - private 'permissions' 'Ljava/security/PermissionCollection;' @28 
 - final 'key' 'Ljava/security/ProtectionDomain$Key;' @32 
 - non-static oop maps: 16-32 
RDI=0x000000002001151d is an unknown value
R8 =0x0000000780000000 points into unknown readable memory: 0x0000000000000000 | 00 00 00 00 00 00 00 00
R9 =0x00007fb63da9da00 is a thread
R10=0x0000000111bfb790: _ZN19TemplateInterpreter13_active_tableE+0x4000 in /Users/basem/Library/Java/JavaVirtualMachines/openjdk-17.0.2/Contents/Home/lib/server/libjvm.dylib at 0x0000000110f3c000
R11=0x000000011b8c7380 is at entry_point+32 in (nmethod*)0x000000011b8c7190
R12=0x00006000017c4050 points into unknown readable memory: 0x0000000787bccdc8 | c8 cd bc 87 07 00 00 00
R13=0x00006000017c4048 points into unknown readable memory: 0x0000000787bccdc8 | c8 cd bc 87 07 00 00 00
R14=0x0000000787bccdc8 is an oop: java.security.ProtectionDomain 
{0x0000000787bccdc8} - klass: 'java/security/ProtectionDomain'
 - ---- fields (total size 5 words):
 - private 'hasAllPerm' 'Z' @12  false
 - private final 'staticPermissions' 'Z' @13  false
 - private 'codesource' 'Ljava/security/CodeSource;' @16  a 'java/security/CodeSource'{0x0000000787bcca58} (f0f7994b)
 - private 'classloader' 'Ljava/lang/ClassLoader;' @20  a 'jdk/internal/loader/ClassLoaders$AppClassLoader'{0x0000000787f19650} (f0fe32ca)
 - private 'principals' '[Ljava/security/Principal;' @24  a 'java/security/Principal'[0] {0x0000000787bcce00} (f0f799c0)
 - private 'permissions' 'Ljava/security/PermissionCollection;' @28  a 'sun/security/util/LazyCodeSourcePermissionCollection'{0x0000000787bccc08} (f0f79981)
 - final 'key' 'Ljava/security/ProtectionDomain$Key;' @32  a 'java/security/ProtectionDomain$Key'{0x0000000787bccdf0} (f0f799be)
R15=0x0000000800454758 is pointing into metadata


Registers:
RAX=0xf0fe32caf0f7994b, RBX=0x0000600003df61c0, RCX=0x0000000111b9b906, RDX=0x0000000800000000
RSP=0x00007ff7b0129240, RBP=0x00007ff7b0129340, RSI=0x000000080000ee48, RDI=0x000000002001151d
R8 =0x0000000780000000, R9 =0x00007fb63da9da00, R10=0x0000000111bfb790, R11=0x000000011b8c7380
R12=0x00006000017c4050, R13=0x00006000017c4048, R14=0x0000000787bccdc8, R15=0x0000000800454758
RIP=0x00000001118ed380, EFLAGS=0x0000000000010206, ERR=0x0000000000000000
  TRAPNO=0x000000000000000d

Top of Stack: (sp=0x00007ff7b0129240)
0x00007ff7b0129240:   0000000800c28000 00007fb63da9da00
0x00007ff7b0129250:   0000600003df61c0 00006000017c4000
0x00007ff7b0129260:   00006000017c4050 00006000017c40e8
0x00007ff7b0129270:   00000000000000d8 00007ff7b01296e0
0x00007ff7b0129280:   00006000017c40f0 00007fb63e095cf8
0x00007ff7b0129290:   00007ff7b0129480 00007ff7b01292d0
0x00007ff7b01292a0:   0000000000000000 0000000000000000
0x00007ff7b01292b0:   0000000800000000 00007fb63da9da00
0x00007ff7b01292c0:   00007ff7b01292d0 00000001111f0002
0x00007ff7b01292d0:   00006000017c4048 000000011124abb0
0x00007ff7b01292e0:   fffffffe00000000 00007fb63da9da00
0x00007ff7b01292f0:   00007ff7b01293a0 00007fb63da9da00
0x00007ff7b0129300:   00007ff700000000 00006000017c4050
0x00007ff7b0129310:   00000007875da300 00006000017c4048
0x00007ff7b0129320:   0000000800454758 00006000017c4048
0x00007ff7b0129330:   0000000000000001 00007fb63da9da00
0x00007ff7b0129340:   00007ff7b0129380 00000001118ecce4
0x00007ff7b0129350:   0000000111bde01f 000000000000011d
0x00007ff7b0129360:   00007ff7b01293f0 00006000017c4048
0x00007ff7b0129370:   00007fb63da9da00 0000000787bccdc8
0x00007ff7b0129380:   00007ff7b01293e0 000000011127c5d7
0x00007ff7b0129390:   0000000800454758 000000000000000d
0x00007ff7b01293a0:   000000000000011d 00006000017c4048
0x00007ff7b01293b0:   0000011d00000000 000060000288a420
0x00007ff7b01293c0:   000000000000011d 0000000000000000
0x00007ff7b01293d0:   00007fb63da9da00 00007ff7b01293f0
0x00007ff7b01293e0:   00007ff7b0129420 000000011127d1a9
0x00007ff7b01293f0:   0000000119cd8768 00007fb63da9da00
0x00007ff7b0129400:   00007ff7b0129478 00007fb63da9da00
0x00007ff7b0129410:   00007ff7b0129588 0000000000000048
0x00007ff7b0129420:   00007ff7b0129460 000000011164f9fc
0x00007ff7b0129430:   00007ff7b0129560 00007ff7b01294a0 

Instructions: (pc=0x00000001118ed380)
0x00000001118ed280:   9c 13 b6 ff 48 85 c0 4c 89 65 b8 75 19 e9 c7 00
0x00000001118ed290:   00 00 31 ff e8 87 13 b6 ff 48 85 c0 4c 89 65 b8
0x00000001118ed2a0:   0f 84 b3 00 00 00 49 89 c6 49 8b 9c 24 38 02 00
0x00000001118ed2b0:   00 4c 8b 63 18 49 83 fc f8 72 18 48 8d 15 eb 20
0x00000001118ed2c0:   13 00 be 08 00 00 00 48 89 df e8 81 97 7a ff 4c
0x00000001118ed2d0:   8b 63 18 49 8d 44 24 08 48 3b 43 20 76 6e be 08
0x00000001118ed2e0:   00 00 00 48 89 df 31 d2 e8 93 97 7a ff 49 89 c4
0x00000001118ed2f0:   4d 89 34 24 4d 85 e4 74 60 4c 89 f7 31 f6 e8 cd
0x00000001118ed300:   55 ec ff 84 c0 75 26 48 8d 3d 67 29 19 00 48 8d
0x00000001118ed310:   15 a1 29 19 00 48 8d 0d da 29 19 00 be 23 00 00
0x00000001118ed320:   00 31 c0 e8 48 ed 99 ff e8 63 50 ed ff 49 8b 3c
0x00000001118ed330:   24 e8 7a 0f b6 ff 48 85 c0 4c 89 65 c8 0f 84 ef
0x00000001118ed340:   01 00 00 c7 45 c0 00 00 00 00 eb 22 48 89 43 18
0x00000001118ed350:   4d 89 34 24 4d 85 e4 75 a0 48 8d 05 90 55 2e 00
0x00000001118ed360:   48 8b 00 b1 01 89 4d c0 31 c9 48 89 4d c8 48 8d
0x00000001118ed370:   0d e7 e5 2a 00 8a 09 80 c1 03 4c 89 ff 48 d3 ef
0x00000001118ed380:   4c 8b 68 58 41 8b 0f 49 89 c4 41 8b 57 04 c1 e2
0x00000001118ed390:   08 41 0f b6 77 06 c1 e6 08 45 0f b6 77 07 41 09
0x00000001118ed3a0:   f6 41 31 d6 41 31 fe 41 0f a4 ce 10 4c 89 ef 44
0x00000001118ed3b0:   89 f6 4c 89 fa 48 8b 4d 90 e8 02 d9 a0 ff 48 89
0x00000001118ed3c0:   c3 48 85 c0 0f 85 88 03 00 00 4c 89 6d a8 4c 89
0x00000001118ed3d0:   65 b0 80 7d c0 00 74 04 31 f6 eb 20 48 8d 05 73
0x00000001118ed3e0:   de 2e 00 80 38 00 4c 8b 65 c8 75 0d 49 8b 3c 24
0x00000001118ed3f0:   e8 3b 11 b6 ff 84 c0 75 df 4c 89 e6 48 8b 5d b8
0x00000001118ed400:   4d 89 fc 48 8d bd 40 ff ff ff 48 89 b5 58 ff ff
0x00000001118ed410:   ff 48 89 da e8 a7 ca ff ff 48 8d 05 b0 ff 2f 00
0x00000001118ed420:   4c 8b 28 4d 85 ed 74 0b 4c 89 ef 48 89 de e8 3d
0x00000001118ed430:   3b ea ff 48 8b 7d a8 44 89 f6 4c 89 e2 e8 3e d9
0x00000001118ed440:   a0 ff 48 85 c0 48 89 45 c0 0f 84 f9 00 00 00 48
0x00000001118ed450:   89 c2 31 f6 45 31 ff 4d 85 ed 74 12 4c 89 ef 48
0x00000001118ed460:   89 f3 e8 99 3c ea ff 48 89 de 48 8b 55 c0 45 84
0x00000001118ed470:   ff 4c 8b 6d b8 4d 89 e7 74 28 4c 89 ff 48 8b 55 


Stack slot to memory mapping:
stack at sp + 0 slots: 0x0000000800c28000 is a pointer to class: 
com.sun.glass.ui.Screen {0x0000000800c28000}
 - instance size:     13
 - klass size:        65
 - access:            public final synchronized 
 - state:             being_initialized
 - name:              'com/sun/glass/ui/Screen'
 - super:             'java/lang/Object'
 - sub:               
 - arrays:            NULL
 - methods:           Array<T>(0x0000000119cd94a0)
 - method ordering:   Array<T>(0x000000080091a8f8)
 - default_methods:   Array<T>(0x0000000000000000)
 - local interfaces:  Array<T>(0x00000008005d7608)
 - trans. interfaces: Array<T>(0x00000008005d7608)
 - constants:         constant pool [357]/operands[12] {0x0000000119cd8768} for 'com/sun/glass/ui/Screen' cache=0x0000000119d1e368
 - class loader data:  loader data: 0x00006000019cc500 for instance a 'jdk/internal/loader/ClassLoaders$AppClassLoader'{0x0000000787f19650}
 - source file:       'Screen.java'
 - class annotations:       Array<T>(0x0000000000000000)
 - class type annotations:  Array<T>(0x0000000000000000)
 - field annotations:       Array<T>(0x0000000000000000)
 - field type annotations:  Array<T>(0x0000000000000000)
 - inner classes:     Array<T>(0x0000000119cdb508)
 - nest members:     Array<T>(0x0000000119cdb528)
 - permitted subclasses:     Array<T>(0x00000008005d7598)
 - java mirror:       a 'java/lang/Class'{0x000000078769e290} = 'com/sun/glass/ui/Screen'
 - vtable length      5  (start addr: 0x0000000800c281d0)
 - itable length      2 (start addr: 0x0000000800c281f8)
 - ---- static fields (2 words):
 - private static volatile 'screens' 'Ljava/util/List;' @112 
 - private static final 'dpiOverride' 'I' @120 
 - private static 'eventHandler' 'Lcom/sun/glass/ui/Screen$EventHandler;' @116 
 - ---- non-static fields (22 words):
 - private volatile 'adapter' 'I' @12 
 - private volatile 'ptr' 'J' @16 
 - private final 'depth' 'I' @24 
 - private final 'x' 'I' @28 
 - private final 'y' 'I' @32 
 - private final 'width' 'I' @36 
 - private final 'height' 'I' @40 
 - private final 'platformX' 'I' @44 
 - private final 'platformY' 'I' @48 
 - private final 'platformWidth' 'I' @52 
 - private final 'platformHeight' 'I' @56 
 - private final 'visibleX' 'I' @60 
 - private final 'visibleY' 'I' @64 
 - private final 'visibleWidth' 'I' @68 
 - private final 'visibleHeight' 'I' @72 
 - private final 'resolutionX' 'I' @76 
 - private final 'resolutionY' 'I' @80 
 - private final 'platformScaleX' 'F' @84 
 - private final 'platformScaleY' 'F' @88 
 - private final 'outputScaleX' 'F' @92 
 - private final 'outputScaleY' 'F' @96 
 - non-static oop maps: 
stack at sp + 1 slots: 0x00007fb63da9da00 is a thread
stack at sp + 2 slots: 0x0000600003df61c0 points into unknown readable memory: 0x0000000000000002 | 02 00 00 00 00 00 00 00
stack at sp + 3 slots: 0x00006000017c4000 points into unknown readable memory: 0x0000000000000000 | 00 00 00 00 00 00 00 00
stack at sp + 4 slots: 0x00006000017c4050 points into unknown readable memory: 0x0000000787bccdc8 | c8 cd bc 87 07 00 00 00
stack at sp + 5 slots: 0x00006000017c40e8 points into unknown readable memory: 0x0000000000000000 | 00 00 00 00 00 00 00 00
stack at sp + 6 slots: 0x00000000000000d8 is an unknown value
stack at sp + 7 slots: 0x00007ff7b01296e0 is pointing into the stack for thread: 0x00007fb63da9da00


---------------  P R O C E S S  ---------------

Threads class SMR info:
_java_thread_list=0x000060000289b6c0, length=15, elements={
0x00007fb63c009000, 0x00007fb63e01cc00, 0x00007fb63e01d200, 0x00007fb63d016e00,
0x00007fb63d015800, 0x00007fb63c09e000, 0x00007fb63c09e600, 0x00007fb63e00da00,
0x00007fb63e00f000, 0x00007fb63d017e00, 0x00007fb63c098a00, 0x00007fb63c08ec00,
0x00007fb63d019a00, 0x00007fb63d1b8000, 0x00007fb63da9da00
}

Java Threads: ( => current thread )
  0x00007fb63c009000 JavaThread "main" [_thread_blocked, id=6915, stack(0x000070000f753000,0x000070000f853000)]
  0x00007fb63e01cc00 JavaThread "Reference Handler" daemon [_thread_blocked, id=13827, stack(0x000070000fe68000,0x000070000ff68000)]
  0x00007fb63e01d200 JavaThread "Finalizer" daemon [_thread_blocked, id=14851, stack(0x000070000ff6b000,0x000070001006b000)]
  0x00007fb63d016e00 JavaThread "Signal Dispatcher" daemon [_thread_blocked, id=23043, stack(0x0000700010174000,0x0000700010274000)]
  0x00007fb63d015800 JavaThread "Service Thread" daemon [_thread_blocked, id=23555, stack(0x0000700010277000,0x0000700010377000)]
  0x00007fb63c09e000 JavaThread "Monitor Deflation Thread" daemon [_thread_blocked, id=42499, stack(0x000070001037a000,0x000070001047a000)]
  0x00007fb63c09e600 JavaThread "C2 CompilerThread0" daemon [_thread_blocked, id=41987, stack(0x000070001047d000,0x000070001057d000)]
  0x00007fb63e00da00 JavaThread "C1 CompilerThread0" daemon [_thread_blocked, id=41475, stack(0x0000700010580000,0x0000700010680000)]
  0x00007fb63e00f000 JavaThread "Sweeper thread" daemon [_thread_blocked, id=24067, stack(0x0000700010683000,0x0000700010783000)]
  0x00007fb63d017e00 JavaThread "Common-Cleaner" daemon [_thread_blocked, id=24323, stack(0x0000700010786000,0x0000700010886000)]
  0x00007fb63c098a00 JavaThread "Monitor Ctrl-Break" daemon [_thread_in_native, id=24835, stack(0x0000700010889000,0x0000700010989000)]
  0x00007fb63c08ec00 JavaThread "Notification Thread" daemon [_thread_blocked, id=25347, stack(0x000070001098c000,0x0000700010a8c000)]
  0x00007fb63d019a00 JavaThread "QuantumRenderer-0" daemon [_thread_blocked, id=40195, stack(0x0000700010b92000,0x0000700010c92000)]
  0x00007fb63d1b8000 JavaThread "InvokeLaterDispatcher" daemon [_thread_blocked, id=29959, stack(0x0000700010c95000,0x0000700010d95000)]
=>0x00007fb63da9da00 JavaThread "Thread-1" [_thread_in_native, id=259, stack(0x00007ff7af92e000,0x00007ff7b012e000)]

Other Threads:
  0x00007fb63ca0c880 VMThread "VM Thread" [stack: 0x000070000fd65000,0x000070000fe65000] [id=13571]
  0x00007fb63ca16990 WatcherThread [stack: 0x0000700010a8f000,0x0000700010b8f000] [id=25603]
  0x00007fb63ca06bd0 GCTaskThread "GC Thread#0" [stack: 0x000070000f856000,0x000070000f956000] [id=11779]
  0x00007fb63ca07270 ConcurrentGCThread "G1 Main Marker" [stack: 0x000070000f959000,0x000070000fa59000] [id=12035]
  0x00007fb63ca07c30 ConcurrentGCThread "G1 Conc#0" [stack: 0x000070000fa5c000,0x000070000fb5c000] [id=18691]
  0x00007fb63ca09490 ConcurrentGCThread "G1 Refine#0" [stack: 0x000070000fb5f000,0x000070000fc5f000] [id=17923]
  0x00007fb63ca09d20 ConcurrentGCThread "G1 Service" [stack: 0x000070000fc62000,0x000070000fd62000] [id=17667]

Threads with active compile tasks:

VM state: not at safepoint (normal execution)

VM Mutex/Monitor currently owned by a thread: None

Heap address: 0x0000000780000000, size: 2048 MB, Compressed Oops mode: Zero based, Oop shift amount: 3

CDS archive(s) mapped at: [0x0000000800000000-0x0000000800bd4000-0x0000000800bd4000), size 12402688, SharedBaseAddress: 0x0000000800000000, ArchiveRelocationMode: 0.
Compressed class space mapped at: 0x0000000800c00000-0x0000000840c00000, reserved size: 1073741824
Narrow klass base: 0x0000000800000000, Narrow klass shift: 0, Narrow klass range: 0x100000000

GC Precious Log:
 CPUs: 4 total, 4 available
 Memory: 8192M
 Large Page Support: Disabled
 NUMA Support: Disabled
 Compressed Oops: Enabled (Zero based)
 Heap Region Size: 1M
 Heap Min Capacity: 8M
 Heap Initial Capacity: 128M
 Heap Max Capacity: 2G
 Pre-touch: Disabled
 Parallel Workers: 4
 Concurrent Workers: 1
 Concurrent Refinement Workers: 4
 Periodic GC: Disabled

Heap:
 garbage-first heap   total 133120K, used 11220K [0x0000000780000000, 0x0000000800000000)
  region size 1024K, 12 young (12288K), 0 survivors (0K)
 Metaspace       used 3277K, committed 3392K, reserved 1056768K
  class space    used 366K, committed 448K, reserved 1048576K

Heap Regions: E=young(eden), S=young(survivor), O=old, HS=humongous(starts), HC=humongous(continues), CS=collection set, F=free, OA=open archive, CA=closed archive, TAMS=top-at-mark-start (previous, next)
|   0|0x0000000780000000, 0x0000000780000000, 0x0000000780100000|  0%| F|  |TAMS 0x0000000780000000, 0x0000000780000000| Untracked 
|   1|0x0000000780100000, 0x0000000780100000, 0x0000000780200000|  0%| F|  |TAMS 0x0000000780100000, 0x0000000780100000| Untracked 
|   2|0x0000000780200000, 0x0000000780200000, 0x0000000780300000|  0%| F|  |TAMS 0x0000000780200000, 0x0000000780200000| Untracked 
|   3|0x0000000780300000, 0x0000000780300000, 0x0000000780400000|  0%| F|  |TAMS 0x0000000780300000, 0x0000000780300000| Untracked 
|   4|0x0000000780400000, 0x0000000780400000, 0x0000000780500000|  0%| F|  |TAMS 0x0000000780400000, 0x0000000780400000| Untracked 
|   5|0x0000000780500000, 0x0000000780500000, 0x0000000780600000|  0%| F|  |TAMS 0x0000000780500000, 0x0000000780500000| Untracked 
|   6|0x0000000780600000, 0x0000000780600000, 0x0000000780700000|  0%| F|  |TAMS 0x0000000780600000, 0x0000000780600000| Untracked 
|   7|0x0000000780700000, 0x0000000780700000, 0x0000000780800000|  0%| F|  |TAMS 0x0000000780700000, 0x0000000780700000| Untracked 
|   8|0x0000000780800000, 0x0000000780800000, 0x0000000780900000|  0%| F|  |TAMS 0x0000000780800000, 0x0000000780800000| Untracked 
|   9|0x0000000780900000, 0x0000000780900000, 0x0000000780a00000|  0%| F|  |TAMS 0x0000000780900000, 0x0000000780900000| Untracked 
|  10|0x0000000780a00000, 0x0000000780a00000, 0x0000000780b00000|  0%| F|  |TAMS 0x0000000780a00000, 0x0000000780a00000| Untracked 
|  11|0x0000000780b00000, 0x0000000780b00000, 0x0000000780c00000|  0%| F|  |TAMS 0x0000000780b00000, 0x0000000780b00000| Untracked 
|  12|0x0000000780c00000, 0x0000000780c00000, 0x0000000780d00000|  0%| F|  |TAMS 0x0000000780c00000, 0x0000000780c00000| Untracked 
|  13|0x0000000780d00000, 0x0000000780d00000, 0x0000000780e00000|  0%| F|  |TAMS 0x0000000780d00000, 0x0000000780d00000| Untracked 
|  14|0x0000000780e00000, 0x0000000780e00000, 0x0000000780f00000|  0%| F|  |TAMS 0x0000000780e00000, 0x0000000780e00000| Untracked 
|  15|0x0000000780f00000, 0x0000000780f00000, 0x0000000781000000|  0%| F|  |TAMS 0x0000000780f00000, 0x0000000780f00000| Untracked 
|  16|0x0000000781000000, 0x0000000781000000, 0x0000000781100000|  0%| F|  |TAMS 0x0000000781000000, 0x0000000781000000| Untracked 
|  17|0x0000000781100000, 0x0000000781100000, 0x0000000781200000|  0%| F|  |TAMS 0x0000000781100000, 0x0000000781100000| Untracked 
|  18|0x0000000781200000, 0x0000000781200000, 0x0000000781300000|  0%| F|  |TAMS 0x0000000781200000, 0x0000000781200000| Untracked 
|  19|0x0000000781300000, 0x0000000781300000, 0x0000000781400000|  0%| F|  |TAMS 0x0000000781300000, 0x0000000781300000| Untracked 
|  20|0x0000000781400000, 0x0000000781400000, 0x0000000781500000|  0%| F|  |TAMS 0x0000000781400000, 0x0000000781400000| Untracked 
|  21|0x0000000781500000, 0x0000000781500000, 0x0000000781600000|  0%| F|  |TAMS 0x0000000781500000, 0x0000000781500000| Untracked 
|  22|0x0000000781600000, 0x0000000781600000, 0x0000000781700000|  0%| F|  |TAMS 0x0000000781600000, 0x0000000781600000| Untracked 
|  23|0x0000000781700000, 0x0000000781700000, 0x0000000781800000|  0%| F|  |TAMS 0x0000000781700000, 0x0000000781700000| Untracked 
|  24|0x0000000781800000, 0x0000000781800000, 0x0000000781900000|  0%| F|  |TAMS 0x0000000781800000, 0x0000000781800000| Untracked 
|  25|0x0000000781900000, 0x0000000781900000, 0x0000000781a00000|  0%| F|  |TAMS 0x0000000781900000, 0x0000000781900000| Untracked 
|  26|0x0000000781a00000, 0x0000000781a00000, 0x0000000781b00000|  0%| F|  |TAMS 0x0000000781a00000, 0x0000000781a00000| Untracked 
|  27|0x0000000781b00000, 0x0000000781b00000, 0x0000000781c00000|  0%| F|  |TAMS 0x0000000781b00000, 0x0000000781b00000| Untracked 
|  28|0x0000000781c00000, 0x0000000781c00000, 0x0000000781d00000|  0%| F|  |TAMS 0x0000000781c00000, 0x0000000781c00000| Untracked 
|  29|0x0000000781d00000, 0x0000000781d00000, 0x0000000781e00000|  0%| F|  |TAMS 0x0000000781d00000, 0x0000000781d00000| Untracked 
|  30|0x0000000781e00000, 0x0000000781e00000, 0x0000000781f00000|  0%| F|  |TAMS 0x0000000781e00000, 0x0000000781e00000| Untracked 
|  31|0x0000000781f00000, 0x0000000781f00000, 0x0000000782000000|  0%| F|  |TAMS 0x0000000781f00000, 0x0000000781f00000| Untracked 
|  32|0x0000000782000000, 0x0000000782000000, 0x0000000782100000|  0%| F|  |TAMS 0x0000000782000000, 0x0000000782000000| Untracked 
|  33|0x0000000782100000, 0x0000000782100000, 0x0000000782200000|  0%| F|  |TAMS 0x0000000782100000, 0x0000000782100000| Untracked 
|  34|0x0000000782200000, 0x0000000782200000, 0x0000000782300000|  0%| F|  |TAMS 0x0000000782200000, 0x0000000782200000| Untracked 
|  35|0x0000000782300000, 0x0000000782300000, 0x0000000782400000|  0%| F|  |TAMS 0x0000000782300000, 0x0000000782300000| Untracked 
|  36|0x0000000782400000, 0x0000000782400000, 0x0000000782500000|  0%| F|  |TAMS 0x0000000782400000, 0x0000000782400000| Untracked 
|  37|0x0000000782500000, 0x0000000782500000, 0x0000000782600000|  0%| F|  |TAMS 0x0000000782500000, 0x0000000782500000| Untracked 
|  38|0x0000000782600000, 0x0000000782600000, 0x0000000782700000|  0%| F|  |TAMS 0x0000000782600000, 0x0000000782600000| Untracked 
|  39|0x0000000782700000, 0x0000000782700000, 0x0000000782800000|  0%| F|  |TAMS 0x0000000782700000, 0x0000000782700000| Untracked 
|  40|0x0000000782800000, 0x0000000782800000, 0x0000000782900000|  0%| F|  |TAMS 0x0000000782800000, 0x0000000782800000| Untracked 
|  41|0x0000000782900000, 0x0000000782900000, 0x0000000782a00000|  0%| F|  |TAMS 0x0000000782900000, 0x0000000782900000| Untracked 
|  42|0x0000000782a00000, 0x0000000782a00000, 0x0000000782b00000|  0%| F|  |TAMS 0x0000000782a00000, 0x0000000782a00000| Untracked 
|  43|0x0000000782b00000, 0x0000000782b00000, 0x0000000782c00000|  0%| F|  |TAMS 0x0000000782b00000, 0x0000000782b00000| Untracked 
|  44|0x0000000782c00000, 0x0000000782c00000, 0x0000000782d00000|  0%| F|  |TAMS 0x0000000782c00000, 0x0000000782c00000| Untracked 
|  45|0x0000000782d00000, 0x0000000782d00000, 0x0000000782e00000|  0%| F|  |TAMS 0x0000000782d00000, 0x0000000782d00000| Untracked 
|  46|0x0000000782e00000, 0x0000000782e00000, 0x0000000782f00000|  0%| F|  |TAMS 0x0000000782e00000, 0x0000000782e00000| Untracked 
|  47|0x0000000782f00000, 0x0000000782f00000, 0x0000000783000000|  0%| F|  |TAMS 0x0000000782f00000, 0x0000000782f00000| Untracked 
|  48|0x0000000783000000, 0x0000000783000000, 0x0000000783100000|  0%| F|  |TAMS 0x0000000783000000, 0x0000000783000000| Untracked 
|  49|0x0000000783100000, 0x0000000783100000, 0x0000000783200000|  0%| F|  |TAMS 0x0000000783100000, 0x0000000783100000| Untracked 
|  50|0x0000000783200000, 0x0000000783200000, 0x0000000783300000|  0%| F|  |TAMS 0x0000000783200000, 0x0000000783200000| Untracked 
|  51|0x0000000783300000, 0x0000000783300000, 0x0000000783400000|  0%| F|  |TAMS 0x0000000783300000, 0x0000000783300000| Untracked 
|  52|0x0000000783400000, 0x0000000783400000, 0x0000000783500000|  0%| F|  |TAMS 0x0000000783400000, 0x0000000783400000| Untracked 
|  53|0x0000000783500000, 0x0000000783500000, 0x0000000783600000|  0%| F|  |TAMS 0x0000000783500000, 0x0000000783500000| Untracked 
|  54|0x0000000783600000, 0x0000000783600000, 0x0000000783700000|  0%| F|  |TAMS 0x0000000783600000, 0x0000000783600000| Untracked 
|  55|0x0000000783700000, 0x0000000783700000, 0x0000000783800000|  0%| F|  |TAMS 0x0000000783700000, 0x0000000783700000| Untracked 
|  56|0x0000000783800000, 0x0000000783800000, 0x0000000783900000|  0%| F|  |TAMS 0x0000000783800000, 0x0000000783800000| Untracked 
|  57|0x0000000783900000, 0x0000000783900000, 0x0000000783a00000|  0%| F|  |TAMS 0x0000000783900000, 0x0000000783900000| Untracked 
|  58|0x0000000783a00000, 0x0000000783a00000, 0x0000000783b00000|  0%| F|  |TAMS 0x0000000783a00000, 0x0000000783a00000| Untracked 
|  59|0x0000000783b00000, 0x0000000783b00000, 0x0000000783c00000|  0%| F|  |TAMS 0x0000000783b00000, 0x0000000783b00000| Untracked 
|  60|0x0000000783c00000, 0x0000000783c00000, 0x0000000783d00000|  0%| F|  |TAMS 0x0000000783c00000, 0x0000000783c00000| Untracked 
|  61|0x0000000783d00000, 0x0000000783d00000, 0x0000000783e00000|  0%| F|  |TAMS 0x0000000783d00000, 0x0000000783d00000| Untracked 
|  62|0x0000000783e00000, 0x0000000783e00000, 0x0000000783f00000|  0%| F|  |TAMS 0x0000000783e00000, 0x0000000783e00000| Untracked 
|  63|0x0000000783f00000, 0x0000000783f00000, 0x0000000784000000|  0%| F|  |TAMS 0x0000000783f00000, 0x0000000783f00000| Untracked 
|  64|0x0000000784000000, 0x0000000784000000, 0x0000000784100000|  0%| F|  |TAMS 0x0000000784000000, 0x0000000784000000| Untracked 
|  65|0x0000000784100000, 0x0000000784100000, 0x0000000784200000|  0%| F|  |TAMS 0x0000000784100000, 0x0000000784100000| Untracked 
|  66|0x0000000784200000, 0x0000000784200000, 0x0000000784300000|  0%| F|  |TAMS 0x0000000784200000, 0x0000000784200000| Untracked 
|  67|0x0000000784300000, 0x0000000784300000, 0x0000000784400000|  0%| F|  |TAMS 0x0000000784300000, 0x0000000784300000| Untracked 
|  68|0x0000000784400000, 0x0000000784400000, 0x0000000784500000|  0%| F|  |TAMS 0x0000000784400000, 0x0000000784400000| Untracked 
|  69|0x0000000784500000, 0x0000000784500000, 0x0000000784600000|  0%| F|  |TAMS 0x0000000784500000, 0x0000000784500000| Untracked 
|  70|0x0000000784600000, 0x0000000784600000, 0x0000000784700000|  0%| F|  |TAMS 0x0000000784600000, 0x0000000784600000| Untracked 
|  71|0x0000000784700000, 0x0000000784700000, 0x0000000784800000|  0%| F|  |TAMS 0x0000000784700000, 0x0000000784700000| Untracked 
|  72|0x0000000784800000, 0x0000000784800000, 0x0000000784900000|  0%| F|  |TAMS 0x0000000784800000, 0x0000000784800000| Untracked 
|  73|0x0000000784900000, 0x0000000784900000, 0x0000000784a00000|  0%| F|  |TAMS 0x0000000784900000, 0x0000000784900000| Untracked 
|  74|0x0000000784a00000, 0x0000000784a00000, 0x0000000784b00000|  0%| F|  |TAMS 0x0000000784a00000, 0x0000000784a00000| Untracked 
|  75|0x0000000784b00000, 0x0000000784b00000, 0x0000000784c00000|  0%| F|  |TAMS 0x0000000784b00000, 0x0000000784b00000| Untracked 
|  76|0x0000000784c00000, 0x0000000784c00000, 0x0000000784d00000|  0%| F|  |TAMS 0x0000000784c00000, 0x0000000784c00000| Untracked 
|  77|0x0000000784d00000, 0x0000000784d00000, 0x0000000784e00000|  0%| F|  |TAMS 0x0000000784d00000, 0x0000000784d00000| Untracked 
|  78|0x0000000784e00000, 0x0000000784e00000, 0x0000000784f00000|  0%| F|  |TAMS 0x0000000784e00000, 0x0000000784e00000| Untracked 
|  79|0x0000000784f00000, 0x0000000784f00000, 0x0000000785000000|  0%| F|  |TAMS 0x0000000784f00000, 0x0000000784f00000| Untracked 
|  80|0x0000000785000000, 0x0000000785000000, 0x0000000785100000|  0%| F|  |TAMS 0x0000000785000000, 0x0000000785000000| Untracked 
|  81|0x0000000785100000, 0x0000000785100000, 0x0000000785200000|  0%| F|  |TAMS 0x0000000785100000, 0x0000000785100000| Untracked 
|  82|0x0000000785200000, 0x0000000785200000, 0x0000000785300000|  0%| F|  |TAMS 0x0000000785200000, 0x0000000785200000| Untracked 
|  83|0x0000000785300000, 0x0000000785300000, 0x0000000785400000|  0%| F|  |TAMS 0x0000000785300000, 0x0000000785300000| Untracked 
|  84|0x0000000785400000, 0x0000000785400000, 0x0000000785500000|  0%| F|  |TAMS 0x0000000785400000, 0x0000000785400000| Untracked 
|  85|0x0000000785500000, 0x0000000785500000, 0x0000000785600000|  0%| F|  |TAMS 0x0000000785500000, 0x0000000785500000| Untracked 
|  86|0x0000000785600000, 0x0000000785600000, 0x0000000785700000|  0%| F|  |TAMS 0x0000000785600000, 0x0000000785600000| Untracked 
|  87|0x0000000785700000, 0x0000000785700000, 0x0000000785800000|  0%| F|  |TAMS 0x0000000785700000, 0x0000000785700000| Untracked 
|  88|0x0000000785800000, 0x0000000785800000, 0x0000000785900000|  0%| F|  |TAMS 0x0000000785800000, 0x0000000785800000| Untracked 
|  89|0x0000000785900000, 0x0000000785900000, 0x0000000785a00000|  0%| F|  |TAMS 0x0000000785900000, 0x0000000785900000| Untracked 
|  90|0x0000000785a00000, 0x0000000785a00000, 0x0000000785b00000|  0%| F|  |TAMS 0x0000000785a00000, 0x0000000785a00000| Untracked 
|  91|0x0000000785b00000, 0x0000000785b00000, 0x0000000785c00000|  0%| F|  |TAMS 0x0000000785b00000, 0x0000000785b00000| Untracked 
|  92|0x0000000785c00000, 0x0000000785c00000, 0x0000000785d00000|  0%| F|  |TAMS 0x0000000785c00000, 0x0000000785c00000| Untracked 
|  93|0x0000000785d00000, 0x0000000785d00000, 0x0000000785e00000|  0%| F|  |TAMS 0x0000000785d00000, 0x0000000785d00000| Untracked 
|  94|0x0000000785e00000, 0x0000000785e00000, 0x0000000785f00000|  0%| F|  |TAMS 0x0000000785e00000, 0x0000000785e00000| Untracked 
|  95|0x0000000785f00000, 0x0000000785f00000, 0x0000000786000000|  0%| F|  |TAMS 0x0000000785f00000, 0x0000000785f00000| Untracked 
|  96|0x0000000786000000, 0x0000000786000000, 0x0000000786100000|  0%| F|  |TAMS 0x0000000786000000, 0x0000000786000000| Untracked 
|  97|0x0000000786100000, 0x0000000786100000, 0x0000000786200000|  0%| F|  |TAMS 0x0000000786100000, 0x0000000786100000| Untracked 
|  98|0x0000000786200000, 0x0000000786200000, 0x0000000786300000|  0%| F|  |TAMS 0x0000000786200000, 0x0000000786200000| Untracked 
|  99|0x0000000786300000, 0x0000000786300000, 0x0000000786400000|  0%| F|  |TAMS 0x0000000786300000, 0x0000000786300000| Untracked 
| 100|0x0000000786400000, 0x0000000786400000, 0x0000000786500000|  0%| F|  |TAMS 0x0000000786400000, 0x0000000786400000| Untracked 
| 101|0x0000000786500000, 0x0000000786500000, 0x0000000786600000|  0%| F|  |TAMS 0x0000000786500000, 0x0000000786500000| Untracked 
| 102|0x0000000786600000, 0x0000000786600000, 0x0000000786700000|  0%| F|  |TAMS 0x0000000786600000, 0x0000000786600000| Untracked 
| 103|0x0000000786700000, 0x0000000786700000, 0x0000000786800000|  0%| F|  |TAMS 0x0000000786700000, 0x0000000786700000| Untracked 
| 104|0x0000000786800000, 0x0000000786800000, 0x0000000786900000|  0%| F|  |TAMS 0x0000000786800000, 0x0000000786800000| Untracked 
| 105|0x0000000786900000, 0x0000000786900000, 0x0000000786a00000|  0%| F|  |TAMS 0x0000000786900000, 0x0000000786900000| Untracked 
| 106|0x0000000786a00000, 0x0000000786a00000, 0x0000000786b00000|  0%| F|  |TAMS 0x0000000786a00000, 0x0000000786a00000| Untracked 
| 107|0x0000000786b00000, 0x0000000786b00000, 0x0000000786c00000|  0%| F|  |TAMS 0x0000000786b00000, 0x0000000786b00000| Untracked 
| 108|0x0000000786c00000, 0x0000000786c00000, 0x0000000786d00000|  0%| F|  |TAMS 0x0000000786c00000, 0x0000000786c00000| Untracked 
| 109|0x0000000786d00000, 0x0000000786d00000, 0x0000000786e00000|  0%| F|  |TAMS 0x0000000786d00000, 0x0000000786d00000| Untracked 
| 110|0x0000000786e00000, 0x0000000786e00000, 0x0000000786f00000|  0%| F|  |TAMS 0x0000000786e00000, 0x0000000786e00000| Untracked 
| 111|0x0000000786f00000, 0x0000000786f00000, 0x0000000787000000|  0%| F|  |TAMS 0x0000000786f00000, 0x0000000786f00000| Untracked 
| 112|0x0000000787000000, 0x0000000787000000, 0x0000000787100000|  0%| F|  |TAMS 0x0000000787000000, 0x0000000787000000| Untracked 
| 113|0x0000000787100000, 0x0000000787100000, 0x0000000787200000|  0%| F|  |TAMS 0x0000000787100000, 0x0000000787100000| Untracked 
| 114|0x0000000787200000, 0x0000000787200000, 0x0000000787300000|  0%| F|  |TAMS 0x0000000787200000, 0x0000000787200000| Untracked 
| 115|0x0000000787300000, 0x0000000787300000, 0x0000000787400000|  0%| F|  |TAMS 0x0000000787300000, 0x0000000787300000| Untracked 
| 116|0x0000000787400000, 0x0000000787443130, 0x0000000787500000| 26%| E|  |TAMS 0x0000000787400000, 0x0000000787400000| Complete 
| 117|0x0000000787500000, 0x0000000787600000, 0x0000000787600000|100%| E|CS|TAMS 0x0000000787500000, 0x0000000787500000| Complete 
| 118|0x0000000787600000, 0x0000000787700000, 0x0000000787700000|100%| E|CS|TAMS 0x0000000787600000, 0x0000000787600000| Complete 
| 119|0x0000000787700000, 0x0000000787800000, 0x0000000787800000|100%| E|CS|TAMS 0x0000000787700000, 0x0000000787700000| Complete 
| 120|0x0000000787800000, 0x0000000787900000, 0x0000000787900000|100%| E|CS|TAMS 0x0000000787800000, 0x0000000787800000| Complete 
| 121|0x0000000787900000, 0x0000000787a00000, 0x0000000787a00000|100%| E|CS|TAMS 0x0000000787900000, 0x0000000787900000| Complete 
| 122|0x0000000787a00000, 0x0000000787b00000, 0x0000000787b00000|100%| E|CS|TAMS 0x0000000787a00000, 0x0000000787a00000| Complete 
| 123|0x0000000787b00000, 0x0000000787c00000, 0x0000000787c00000|100%| E|  |TAMS 0x0000000787b00000, 0x0000000787b00000| Complete 
| 124|0x0000000787c00000, 0x0000000787d00000, 0x0000000787d00000|100%| E|CS|TAMS 0x0000000787c00000, 0x0000000787c00000| Complete 
| 125|0x0000000787d00000, 0x0000000787e00000, 0x0000000787e00000|100%| E|CS|TAMS 0x0000000787d00000, 0x0000000787d00000| Complete 
| 126|0x0000000787e00000, 0x0000000787f00000, 0x0000000787f00000|100%| E|CS|TAMS 0x0000000787e00000, 0x0000000787e00000| Complete 
| 127|0x0000000787f00000, 0x0000000788000000, 0x0000000788000000|100%| E|CS|TAMS 0x0000000787f00000, 0x0000000787f00000| Complete 
|2046|0x00000007ffe00000, 0x00000007ffe76000, 0x00000007fff00000| 46%|OA|  |TAMS 0x00000007ffe00000, 0x00000007ffe00000| Untracked 
|2047|0x00000007fff00000, 0x00000007fff7f000, 0x0000000800000000| 49%|CA|  |TAMS 0x00000007fff00000, 0x00000007fff00000| Untracked 

Card table byte_map: [0x00000001105d5000,0x00000001109d5000] _byte_map_base: 0x000000010c9d5000

Marking Bits (Prev, Next): (CMBitMap*) 0x00007fb63c02b210, (CMBitMap*) 0x00007fb63c02b250
 Prev Bits: [0x000000012a247000, 0x000000012c247000)
 Next Bits: [0x000000012c247000, 0x000000012e247000)

Polling page: 0x000000010fef9000

Metaspace:

Usage:
  Non-class:      2.84 MB used.
      Class:    366.41 KB used.
       Both:      3.20 MB used.

Virtual space:
  Non-class space:        8.00 MB reserved,       2.88 MB ( 36%) committed,  1 nodes.
      Class space:        1.00 GB reserved,     448.00 KB ( <1%) committed,  1 nodes.
             Both:        1.01 GB reserved,       3.31 MB ( <1%) committed. 

Chunk freelists:
   Non-Class:  2.88 MB
       Class:  3.55 MB
        Both:  6.42 MB

MaxMetaspaceSize: unlimited
CompressedClassSpaceSize: 1.00 GB
Initial GC threshold: 21.00 MB
Current GC threshold: 21.00 MB
CDS: on
MetaspaceReclaimPolicy: balanced
 - commit_granule_bytes: 65536.
 - commit_granule_words: 8192.
 - virtual_space_node_default_size: 1048576.
 - enlarge_chunks_in_place: 1.
 - new_chunks_are_fully_committed: 0.
 - uncommit_free_chunks: 1.
 - use_allocation_guard: 0.
 - handle_deallocations: 1.


Internal statistics:

num_allocs_failed_limit: 0.
num_arena_births: 74.
num_arena_deaths: 0.
num_vsnodes_births: 2.
num_vsnodes_deaths: 0.
num_space_committed: 53.
num_space_uncommitted: 0.
num_chunks_returned_to_freelist: 0.
num_chunks_taken_from_freelist: 151.
num_chunk_merges: 0.
num_chunk_splits: 95.
num_chunks_enlarged: 61.
num_purges: 0.
num_inconsistent_stats: 0.

CodeHeap 'non-profiled nmethods': size=120032Kb used=211Kb max_used=211Kb free=119820Kb
 bounds [0x0000000122d0f000, 0x0000000122f7f000, 0x000000012a247000]
CodeHeap 'profiled nmethods': size=120028Kb used=985Kb max_used=985Kb free=119042Kb
 bounds [0x000000011b7d8000, 0x000000011ba48000, 0x0000000122d0f000]
CodeHeap 'non-nmethods': size=5700Kb used=1177Kb max_used=1194Kb free=4522Kb
 bounds [0x000000011b247000, 0x000000011b4b7000, 0x000000011b7d8000]
 total_blobs=1140 nmethods=662 adapters=392
 compilation: enabled
              stopped_count=0, restarted_count=0
 full_count=0

Compilation events (20 events):
Event: 0.562 Thread 0x00007fb63e00da00 nmethod 655 0x0000000122d40b90 code [0x0000000122d40d20, 0x0000000122d40df0]
Event: 0.568 Thread 0x00007fb63c09e600 nmethod 643 0x0000000122d40e90 code [0x0000000122d41020, 0x0000000122d41918]
Event: 0.568 Thread 0x00007fb63c09e600  650       4       java.lang.String::isEmpty (14 bytes)
Event: 0.568 Thread 0x00007fb63c09e600 nmethod 650 0x0000000122d41c10 code [0x0000000122d41da0, 0x0000000122d41e38]
Event: 0.568 Thread 0x00007fb63c09e600  644       4       java.lang.invoke.MethodType::parameterCount (6 bytes)
Event: 0.568 Thread 0x00007fb63e00da00  656       3       sun.security.provider.DigestBase::implCompressMultiBlock0 (23 bytes)
Event: 0.568 Thread 0x00007fb63e00da00 nmethod 656 0x000000011b8cc390 code [0x000000011b8cc540, 0x000000011b8cc7e0]
Event: 0.568 Thread 0x00007fb63c09e600 nmethod 644 0x0000000122d41f10 code [0x0000000122d420a0, 0x0000000122d42138]
Event: 0.569 Thread 0x00007fb63c09e600  657       4       sun.security.provider.MD5::implCompress (13 bytes)
Event: 0.569 Thread 0x00007fb63c09e600 nmethod 657 0x0000000122d42210 code [0x0000000122d423a0, 0x0000000122d42498]
Event: 0.569 Thread 0x00007fb63c09e600  658       4       sun.security.provider.MD5::implCompress0 (1407 bytes)
Event: 0.586 Thread 0x00007fb63c09e600 nmethod 658 0x0000000122d42590 code [0x0000000122d42720, 0x0000000122d43418]
Event: 0.615 Thread 0x00007fb63e00da00  661       3       jdk.internal.org.objectweb.asm.Label::resolve (219 bytes)
Event: 0.615 Thread 0x00007fb63e00da00 nmethod 661 0x000000011b8cc910 code [0x000000011b8ccb00, 0x000000011b8cd030]
Event: 0.683 Thread 0x00007fb63e00da00  663   !   3       java.util.zip.ZipFile$Source::readFullyAt (74 bytes)
Event: 0.684 Thread 0x00007fb63e00da00 nmethod 663 0x000000011b8cd310 code [0x000000011b8cd520, 0x000000011b8cdb00]
Event: 0.684 Thread 0x00007fb63e00da00  662       3       java.util.ArrayDeque::poll (5 bytes)
Event: 0.684 Thread 0x00007fb63e00da00 nmethod 662 0x000000011b8cdf10 code [0x000000011b8ce0c0, 0x000000011b8ce200]
Event: 0.755 Thread 0x00007fb63e00da00  664       3       jdk.internal.org.objectweb.asm.Handler::getExceptionTableSize (10 bytes)
Event: 0.756 Thread 0x00007fb63e00da00 nmethod 664 0x000000011b8ce290 code [0x000000011b8ce440, 0x000000011b8ce630]

GC Heap History (0 events):
No events

Deoptimization events (20 events):
Event: 0.258 Thread 0x00007fb63c009000 Uncommon trap: trap_request=0xffffff45 fr.pc=0x0000000122d1dca8 relative=0x00000000000004e8
Event: 0.258 Thread 0x00007fb63c009000 Uncommon trap: reason=unstable_if action=reinterpret pc=0x0000000122d1dca8 method=java.lang.StringLatin1.newString([BII)Ljava/lang/String; @ 1 c2
Event: 0.258 Thread 0x00007fb63c009000 DEOPT PACKING pc=0x0000000122d1dca8 sp=0x000070000f852310
Event: 0.258 Thread 0x00007fb63c009000 DEOPT UNPACKING pc=0x000000011b299099 sp=0x000070000f852270 mode 2
Event: 0.258 Thread 0x00007fb63c009000 Uncommon trap: trap_request=0xffffffe5 fr.pc=0x0000000122d1f500 relative=0x0000000000000160
Event: 0.258 Thread 0x00007fb63c009000 Uncommon trap: reason=range_check action=reinterpret pc=0x0000000122d1f500 method=java.lang.StringLatin1.indexOf([BII)I @ 13 c2
Event: 0.258 Thread 0x00007fb63c009000 DEOPT PACKING pc=0x0000000122d1f500 sp=0x000070000f8522c0
Event: 0.258 Thread 0x00007fb63c009000 DEOPT UNPACKING pc=0x000000011b299099 sp=0x000070000f852270 mode 2
Event: 0.258 Thread 0x00007fb63c009000 Uncommon trap: trap_request=0xffffff45 fr.pc=0x0000000122d1efa8 relative=0x0000000000000408
Event: 0.258 Thread 0x00007fb63c009000 Uncommon trap: reason=unstable_if action=reinterpret pc=0x0000000122d1efa8 method=java.lang.StringLatin1.newString([BII)Ljava/lang/String; @ 1 c2
Event: 0.258 Thread 0x00007fb63c009000 DEOPT PACKING pc=0x0000000122d1efa8 sp=0x000070000f852290
Event: 0.258 Thread 0x00007fb63c009000 DEOPT UNPACKING pc=0x000000011b299099 sp=0x000070000f852270 mode 2
Event: 0.271 Thread 0x00007fb63c009000 Uncommon trap: trap_request=0xfffffff4 fr.pc=0x0000000122d19150 relative=0x00000000000001b0
Event: 0.271 Thread 0x00007fb63c009000 Uncommon trap: reason=null_check action=make_not_entrant pc=0x0000000122d19150 method=java.lang.String.equals(Ljava/lang/Object;)Z @ 8 c2
Event: 0.271 Thread 0x00007fb63c009000 DEOPT PACKING pc=0x0000000122d19150 sp=0x000070000f851670
Event: 0.271 Thread 0x00007fb63c009000 DEOPT UNPACKING pc=0x000000011b299099 sp=0x000070000f851638 mode 2
Event: 0.399 Thread 0x00007fb63d019a00 Uncommon trap: trap_request=0xffffff45 fr.pc=0x0000000122d1a744 relative=0x0000000000000704
Event: 0.399 Thread 0x00007fb63d019a00 Uncommon trap: reason=unstable_if action=reinterpret pc=0x0000000122d1a744 method=jdk.internal.module.Checks.isJavaIdentifier(Ljava/lang/String;)Z @ 4 c2
Event: 0.399 Thread 0x00007fb63d019a00 DEOPT PACKING pc=0x0000000122d1a744 sp=0x0000700010c90d90
Event: 0.399 Thread 0x00007fb63d019a00 DEOPT UNPACKING pc=0x000000011b299099 sp=0x0000700010c90d50 mode 2

Classes unloaded (0 events):
No events

Classes redefined (0 events):
No events

Internal exceptions (8 events):
Event: 0.114 Thread 0x00007fb63c009000 Exception <a 'java/lang/NoSuchMethodError'{0x0000000787d21130}: 'void java.lang.invoke.DirectMethodHandle$Holder.invokeSpecial(java.lang.Object, java.lang.Object, java.lang.Object)'> (0x0000000787d21130) 
thrown [open/src/hotspot/share/interpreter/linkResolver.cpp, line 766]
Event: 0.214 Thread 0x00007fb63c009000 Exception <a 'java/lang/NoSuchMethodError'{0x0000000787de0de8}: 'void java.lang.invoke.DirectMethodHandle$Holder.invokeVirtual(java.lang.Object, java.lang.Object)'> (0x0000000787de0de8) 
thrown [open/src/hotspot/share/interpreter/linkResolver.cpp, line 766]
Event: 0.271 Thread 0x00007fb63c009000 Implicit null exception at 0x0000000122d18fd5 to 0x0000000122d19140
Event: 0.286 Thread 0x00007fb63c098a00 Exception <a 'java/lang/NoSuchMethodError'{0x0000000787b88820}: 'java.lang.Object java.lang.invoke.DirectMethodHandle$Holder.invokeStaticInit(java.lang.Object)'> (0x0000000787b88820) 
thrown [open/src/hotspot/share/interpreter/linkResolver.cpp, line 766]
Event: 0.289 Thread 0x00007fb63c098a00 Exception <a 'java/lang/ClassNotFoundException'{0x0000000787b937a0}: jdk/net/ExtendedSocketOptions> (0x0000000787b937a0) 
thrown [open/src/hotspot/share/classfile/systemDictionary.cpp, line 256]
Event: 0.292 Thread 0x00007fb63c098a00 Exception <a 'java/lang/NoSuchMethodError'{0x0000000787b94ff8}: 'void java.lang.invoke.DirectMethodHandle$Holder.invokeStatic(java.lang.Object, java.lang.Object)'> (0x0000000787b94ff8) 
thrown [open/src/hotspot/share/interpreter/linkResolver.cpp, line 766]
Event: 0.372 Thread 0x00007fb63c009000 Exception <a 'java/lang/NoSuchMethodError'{0x0000000787710610}: 'void java.lang.invoke.DirectMethodHandle$Holder.invokeStatic(java.lang.Object, java.lang.Object, java.lang.Object)'> (0x0000000787710610) 
thrown [open/src/hotspot/share/interpreter/linkResolver.cpp, line 766]
Event: 0.551 Thread 0x00007fb63c009000 Exception <a 'java/lang/NoSuchMethodError'{0x000000078772d0a8}: 'int java.lang.invoke.DirectMethodHandle$Holder.invokeStaticInit(java.lang.Object, java.lang.Object, java.lang.Object)'> (0x000000078772d0a8) 
thrown [open/src/hotspot/share/interpreter/linkResolver.cpp, line 766]

VM Operations (6 events):
Event: 0.243 Executing VM operation: HandshakeAllThreads
Event: 0.243 Executing VM operation: HandshakeAllThreads done
Event: 0.243 Executing VM operation: HandshakeAllThreads
Event: 0.243 Executing VM operation: HandshakeAllThreads done
Event: 0.284 Executing VM operation: HandshakeAllThreads
Event: 0.284 Executing VM operation: HandshakeAllThreads done

Events (20 events):
Event: 0.548 loading class java/util/concurrent/locks/AbstractQueuedSynchronizer$ConditionNode
Event: 0.548 loading class java/util/concurrent/ForkJoinPool$ManagedBlocker
Event: 0.548 loading class java/util/concurrent/ForkJoinPool$ManagedBlocker done
Event: 0.548 loading class java/util/concurrent/locks/AbstractQueuedSynchronizer$ConditionNode done
Event: 0.563 Loading shared library /Users/basem/.m2/repository/org/openjfx/javafx-graphics/17-ea+11/libglass.dylib failed, dlopen(/Users/basem/.m2/repository/org/openjfx/javafx-graphics/17-ea+11/libglass.dylib, 0x0001): tried: '/Users/basem/.m2/repository/org/openjfx
Event: 0.611 Loaded shared library /Users/basem/.openjfx/cache/17-ea/libglass.dylib
Event: 0.613 loading class java/util/concurrent/BlockingDeque
Event: 0.613 loading class java/util/concurrent/BlockingDeque done
Event: 0.613 loading class java/util/concurrent/LinkedBlockingDeque
Event: 0.613 loading class java/util/concurrent/LinkedBlockingDeque done
Event: 0.614 Thread 0x00007fb63d1b8000 Thread added: 0x00007fb63d1b8000
Event: 0.614 Protecting memory [0x0000700010c95000,0x0000700010c99000] with protection modes 0
Event: 0.615 Protecting memory [0x00007ff7af92e000,0x00007ff7af932000] with protection modes 0
Event: 0.615 Thread 0x00007fb63da9da00 Thread added: 0x00007fb63da9da00
Event: 0.683 Thread 0x00007fb63dac6e00 Thread added: 0x00007fb63dac6e00
Event: 0.683 Protecting memory [0x0000700010d98000,0x0000700010d9c000] with protection modes 0
Event: 0.752 loading class java/util/concurrent/LinkedBlockingDeque$Node
Event: 0.752 loading class java/util/concurrent/LinkedBlockingDeque$Node done
Event: 0.753 Protecting memory [0x0000700010d98000,0x0000700010d9c000] with protection modes 3
Event: 0.753 Thread 0x00007fb63dac6e00 Thread exited: 0x00007fb63dac6e00


Dynamic libraries:
0x000000010fefb000 	/Users/basem/Library/Java/JavaVirtualMachines/openjdk-17.0.2/Contents/Home/lib/libjli.dylib
0x00007ff818e62000 	/usr/lib/libz.1.dylib
0x00007ff818f42000 	/usr/lib/libSystem.B.dylib
0x00007ff818f3d000 	/usr/lib/system/libcache.dylib
0x00007ff818ef9000 	/usr/lib/system/libcommonCrypto.dylib
0x00007ff818f22000 	/usr/lib/system/libcompiler_rt.dylib
0x00007ff818f18000 	/usr/lib/system/libcopyfile.dylib
0x00007ff80deed000 	/usr/lib/system/libcorecrypto.dylib
0x00007ff80dfab000 	/usr/lib/system/libdispatch.dylib
0x00007ff80e16f000 	/usr/lib/system/libdyld.dylib
0x00007ff818f34000 	/usr/lib/system/libkeymgr.dylib
0x00007ff818ed7000 	/usr/lib/system/libmacho.dylib
0x00007ff818556000 	/usr/lib/system/libquarantine.dylib
0x00007ff818f32000 	/usr/lib/system/libremovefile.dylib
0x00007ff8130e9000 	/usr/lib/system/libsystem_asl.dylib
0x00007ff80de96000 	/usr/lib/system/libsystem_blocks.dylib
0x00007ff80e033000 	/usr/lib/system/libsystem_c.dylib
0x00007ff818f2a000 	/usr/lib/system/libsystem_collections.dylib
0x00007ff817803000 	/usr/lib/system/libsystem_configuration.dylib
0x00007ff816aaf000 	/usr/lib/system/libsystem_containermanager.dylib
0x00007ff818c10000 	/usr/lib/system/libsystem_coreservices.dylib
0x00007ff810792000 	/usr/lib/system/libsystem_darwin.dylib
0x00007ff818f35000 	/usr/lib/system/libsystem_dnssd.dylib
0x00007ff80e030000 	/usr/lib/system/libsystem_featureflags.dylib
0x00007ff80e185000 	/usr/lib/system/libsystem_info.dylib
0x00007ff818e75000 	/usr/lib/system/libsystem_m.dylib
0x00007ff80df7f000 	/usr/lib/system/libsystem_malloc.dylib
0x00007ff813084000 	/usr/lib/system/libsystem_networkextension.dylib
0x00007ff810bb8000 	/usr/lib/system/libsystem_notify.dylib
0x00007ff81f1a0000 	/usr/lib/system/libsystem_product_info_filter.dylib
0x00007ff817807000 	/usr/lib/system/libsystem_sandbox.dylib
0x00007ff818f2f000 	/usr/lib/system/libsystem_secinit.dylib
0x00007ff80e12b000 	/usr/lib/system/libsystem_kernel.dylib
0x00007ff80e17b000 	/usr/lib/system/libsystem_platform.dylib
0x00007ff80e163000 	/usr/lib/system/libsystem_pthread.dylib
0x00007ff814931000 	/usr/lib/system/libsystem_symptoms.dylib
0x00007ff80ded4000 	/usr/lib/system/libsystem_trace.dylib
0x00007ff818f05000 	/usr/lib/system/libunwind.dylib
0x00007ff80de98000 	/usr/lib/system/libxpc.dylib
0x00007ff80e115000 	/usr/lib/libc++abi.dylib
0x00007ff80dff2000 	/usr/lib/libobjc.A.dylib
0x00007ff818f10000 	/usr/lib/liboah.dylib
0x00007ff80e0bc000 	/usr/lib/libc++.1.dylib
0x00007ff824f9d000 	/System/Library/Frameworks/Cocoa.framework/Versions/A/Cocoa
0x00007ff810c16000 	/System/Library/Frameworks/AppKit.framework/Versions/C/AppKit
0x00007ff814121000 	/System/Library/Frameworks/CoreData.framework/Versions/A/CoreData
0x00007ff80f022000 	/System/Library/Frameworks/Foundation.framework/Versions/C/Foundation
0x00007ff811aa4000 	/System/Library/PrivateFrameworks/UIFoundation.framework/Versions/A/UIFoundation
0x00007ff81eea3000 	/System/Library/PrivateFrameworks/RemoteViewServices.framework/Versions/A/RemoteViewServices
0x00007ff81718d000 	/System/Library/PrivateFrameworks/XCTTargetBootstrap.framework/Versions/A/XCTTargetBootstrap
0x00007ff81ad49000 	/System/Library/PrivateFrameworks/InternationalSupport.framework/Versions/A/InternationalSupport
0x00007ff81add3000 	/System/Library/PrivateFrameworks/UserActivity.framework/Versions/A/UserActivity
0x00007ff81a129000 	/usr/lib/libspindump.dylib
0x00007ff811d32000 	/System/Library/Frameworks/UniformTypeIdentifiers.framework/Versions/A/UniformTypeIdentifiers
0x00007ff8158b6000 	/usr/lib/libapp_launch_measurement.dylib
0x00007ff814af1000 	/System/Library/PrivateFrameworks/CoreAnalytics.framework/Versions/A/CoreAnalytics
0x00007ff8158b9000 	/System/Library/PrivateFrameworks/CoreAutoLayout.framework/Versions/A/CoreAutoLayout
0x00007ff816ae7000 	/System/Library/Frameworks/Metal.framework/Versions/A/Metal
0x00007ff817813000 	/usr/lib/liblangid.dylib
0x00007ff817192000 	/System/Library/PrivateFrameworks/CoreSVG.framework/Versions/A/CoreSVG
0x00007ff813119000 	/System/Library/PrivateFrameworks/SkyLight.framework/Versions/A/SkyLight
0x00007ff8134b7000 	/System/Library/Frameworks/CoreGraphics.framework/Versions/A/CoreGraphics
0x00007ff81f563000 	/System/Library/Frameworks/Accelerate.framework/Versions/A/Accelerate
0x00007ff819ba8000 	/System/Library/PrivateFrameworks/IconServices.framework/Versions/A/IconServices
0x00007ff816acc000 	/System/Library/Frameworks/IOSurface.framework/Versions/A/IOSurface
0x00007ff814b1f000 	/usr/lib/libDiagnosticMessagesClient.dylib
0x00007ff822c46000 	/System/Library/Frameworks/ApplicationServices.framework/Versions/A/ApplicationServices
0x00007ff817179000 	/System/Library/PrivateFrameworks/DFRFoundation.framework/Versions/A/DFRFoundation
0x00007ff8104fe000 	/usr/lib/libicucore.A.dylib
0x00007ff81bb3e000 	/System/Library/Frameworks/AudioToolbox.framework/Versions/A/AudioToolbox
0x00007ff81ad55000 	/System/Library/PrivateFrameworks/DataDetectorsCore.framework/Versions/A/DataDetectorsCore
0x00007ff916ce2000 	/System/Library/PrivateFrameworks/TextInput.framework/Versions/A/TextInput
0x00007ff81309c000 	/usr/lib/libMobileGestalt.dylib
0x00007ff816e85000 	/System/Library/Frameworks/Carbon.framework/Versions/A/Frameworks/HIToolbox.framework/Versions/A/HIToolbox
0x00007ff8152bc000 	/System/Library/Frameworks/QuartzCore.framework/Versions/A/QuartzCore
0x00007ff8101a5000 	/System/Library/Frameworks/Security.framework/Versions/A/Security
0x00007ff81eedb000 	/System/Library/Frameworks/Carbon.framework/Versions/A/Frameworks/SpeechRecognition.framework/Versions/A/SpeechRecognition
0x00007ff815616000 	/System/Library/PrivateFrameworks/CoreUI.framework/Versions/A/CoreUI
0x00007ff80fa71000 	/System/Library/Frameworks/CoreAudio.framework/Versions/A/CoreAudio
0x00007ff814c0e000 	/System/Library/Frameworks/DiskArbitration.framework/Versions/A/DiskArbitration
0x00007ff81a517000 	/System/Library/PrivateFrameworks/MultitouchSupport.framework/Versions/A/MultitouchSupport
0x00007ff81309b000 	/usr/lib/libenergytrace.dylib
0x00007ff810b02000 	/System/Library/Frameworks/IOKit.framework/Versions/A/IOKit
0x00007ff81f2cb000 	/System/Library/Frameworks/CoreServices.framework/Versions/A/CoreServices
0x00007ff815850000 	/System/Library/PrivateFrameworks/PerformanceAnalysis.framework/Versions/A/PerformanceAnalysis
0x00007ffa26206000 	/System/Library/Frameworks/OpenGL.framework/Versions/A/OpenGL
0x00007ff81847c000 	/System/Library/PrivateFrameworks/MobileKeyBag.framework/Versions/A/MobileKeyBag
0x00007ff813b82000 	/System/Library/Frameworks/ColorSync.framework/Versions/A/ColorSync
0x00007ff80e1b0000 	/System/Library/Frameworks/CoreFoundation.framework/Versions/A/CoreFoundation
0x00007ff817409000 	/System/Library/Frameworks/CoreImage.framework/Versions/A/CoreImage
0x00007ff80f889000 	/System/Library/Frameworks/CoreText.framework/Versions/A/CoreText
0x00007ff8171c2000 	/System/Library/Frameworks/ImageIO.framework/Versions/A/ImageIO
0x00007ff818f48000 	/System/Library/PrivateFrameworks/SoftLinking.framework/Versions/A/SoftLinking
0x00007ff815901000 	/usr/lib/libxml2.2.dylib
0x00007ff8191cc000 	/usr/lib/libcompression.dylib
0x00007ff81ac7c000 	/System/Library/PrivateFrameworks/TextureIO.framework/Versions/A/TextureIO
0x00007ff8198ba000 	/usr/lib/libate.dylib
0x00007ff819696000 	/usr/lib/liblzma.5.dylib
0x00007ff80ed35000 	/System/Library/Frameworks/SystemConfiguration.framework/Versions/A/SystemConfiguration
0x00007ff818f44000 	/usr/lib/libfakelink.dylib
0x00007ff812bf5000 	/System/Library/Frameworks/CFNetwork.framework/Versions/A/CFNetwork
0x00007ff819085000 	/usr/lib/libarchive.2.dylib
0x00007ff81780f000 	/System/Library/PrivateFrameworks/AppleSystemInfo.framework/Versions/A/AppleSystemInfo
0x00007ff81857d000 	/usr/lib/libbsm.0.dylib
0x00007ff812208000 	/usr/lib/libnetwork.dylib
0x00007ff818edd000 	/usr/lib/system/libkxld.dylib
0x00007ff8181a9000 	/System/Library/PrivateFrameworks/IOMobileFramebuffer.framework/Versions/A/IOMobileFramebuffer
0x00007ffb2570d000 	/usr/lib/libCoreEntitlements.dylib
0x00007ff818bf2000 	/System/Library/PrivateFrameworks/AppleFSCompression.framework/Versions/A/AppleFSCompression
0x00007ff818565000 	/usr/lib/libcoretls.dylib
0x00007ff8196b0000 	/usr/lib/libcoretls_cfhelpers.dylib
0x00007ff8191c7000 	/usr/lib/libpam.2.dylib
0x00007ff814551000 	/usr/lib/libsqlite3.dylib
0x00007ff81971f000 	/usr/lib/libxar.1.dylib
0x00007ff818c02000 	/usr/lib/libbz2.1.0.dylib
0x00007ff818f49000 	/usr/lib/libpcap.A.dylib
0x00007ff814929000 	/usr/lib/libdns_services.dylib
0x00007ff819197000 	/usr/lib/libapple_nghttp2.dylib
0x00007ff818f83000 	/usr/lib/libiconv.2.dylib
0x00007ff818ed6000 	/usr/lib/libcharset.1.dylib
0x00007ff815884000 	/System/Library/Frameworks/CoreServices.framework/Versions/A/Frameworks/FSEvents.framework/Versions/A/FSEvents
0x00007ff81079c000 	/System/Library/Frameworks/CoreServices.framework/Versions/A/Frameworks/CarbonCore.framework/Versions/A/CarbonCore
0x00007ff814b72000 	/System/Library/Frameworks/CoreServices.framework/Versions/A/Frameworks/Metadata.framework/Versions/A/Metadata
0x00007ff818c15000 	/System/Library/Frameworks/CoreServices.framework/Versions/A/Frameworks/OSServices.framework/Versions/A/OSServices
0x00007ff81910c000 	/System/Library/Frameworks/CoreServices.framework/Versions/A/Frameworks/SearchKit.framework/Versions/A/SearchKit
0x00007ff8148bc000 	/System/Library/Frameworks/CoreServices.framework/Versions/A/Frameworks/AE.framework/Versions/A/AE
0x00007ff80e6b2000 	/System/Library/Frameworks/CoreServices.framework/Versions/A/Frameworks/LaunchServices.framework/Versions/A/LaunchServices
0x00007ff819647000 	/System/Library/Frameworks/CoreServices.framework/Versions/A/Frameworks/DictionaryServices.framework/Versions/A/DictionaryServices
0x00007ff815891000 	/System/Library/Frameworks/CoreServices.framework/Versions/A/Frameworks/SharedFileList.framework/Versions/A/SharedFileList
0x00007ff818559000 	/usr/lib/libCheckFix.dylib
0x00007ff813100000 	/System/Library/PrivateFrameworks/TCC.framework/Versions/A/TCC
0x00007ff817815000 	/System/Library/PrivateFrameworks/CoreNLP.framework/Versions/A/CoreNLP
0x00007ff814b22000 	/System/Library/PrivateFrameworks/MetadataUtilities.framework/Versions/A/MetadataUtilities
0x00007ff80ede5000 	/usr/lib/libmecabra.dylib
0x00007ff81858d000 	/usr/lib/libmecab.dylib
0x00007ff80edb0000 	/usr/lib/libCRFSuite.dylib
0x00007ff8185e7000 	/usr/lib/libgermantok.dylib
0x00007ff819172000 	/usr/lib/libThaiTokenizer.dylib
0x00007ff814c15000 	/System/Library/Frameworks/Accelerate.framework/Versions/A/Frameworks/vImage.framework/Versions/A/vImage
0x00007ff81f2a2000 	/System/Library/Frameworks/Accelerate.framework/Versions/A/Frameworks/vecLib.framework/Versions/A/vecLib
0x00007ff819760000 	/System/Library/Frameworks/Accelerate.framework/Versions/A/Frameworks/vecLib.framework/Versions/A/libvMisc.dylib
0x00007ff817fd4000 	/System/Library/Frameworks/Accelerate.framework/Versions/A/Frameworks/vecLib.framework/Versions/A/libvDSP.dylib
0x00007ff80ea2c000 	/System/Library/Frameworks/Accelerate.framework/Versions/A/Frameworks/vecLib.framework/Versions/A/libBLAS.dylib
0x00007ff8192a9000 	/System/Library/Frameworks/Accelerate.framework/Versions/A/Frameworks/vecLib.framework/Versions/A/libLAPACK.dylib
0x00007ff8185ea000 	/System/Library/Frameworks/Accelerate.framework/Versions/A/Frameworks/vecLib.framework/Versions/A/libLinearAlgebra.dylib
0x00007ff8191af000 	/System/Library/Frameworks/Accelerate.framework/Versions/A/Frameworks/vecLib.framework/Versions/A/libSparseBLAS.dylib
0x00007ff8192a3000 	/System/Library/Frameworks/Accelerate.framework/Versions/A/Frameworks/vecLib.framework/Versions/A/libQuadrature.dylib
0x00007ff817900000 	/System/Library/Frameworks/Accelerate.framework/Versions/A/Frameworks/vecLib.framework/Versions/A/libBNNS.dylib
0x00007ff80ecc6000 	/System/Library/Frameworks/Accelerate.framework/Versions/A/Frameworks/vecLib.framework/Versions/A/libSparse.dylib
0x00007ff8178f9000 	/System/Library/PrivateFrameworks/LinguisticData.framework/Versions/A/LinguisticData
0x00007ff80ec7c000 	/System/Library/PrivateFrameworks/Lexicon.framework/Versions/A/Lexicon
0x00007ff819759000 	/usr/lib/libChineseTokenizer.dylib
0x00007ff80f3de000 	/System/Library/PrivateFrameworks/LanguageModeling.framework/Versions/A/LanguageModeling
0x00007ff819174000 	/System/Library/PrivateFrameworks/AppleSauce.framework/Versions/A/AppleSauce
0x00007ff818197000 	/System/Library/PrivateFrameworks/CoreEmoji.framework/Versions/A/CoreEmoji
0x00007ff819074000 	/usr/lib/libcmph.dylib
0x00007ff815868000 	/System/Library/Frameworks/OpenDirectory.framework/Versions/A/Frameworks/CFOpenDirectory.framework/Versions/A/CFOpenDirectory
0x00007ff81585c000 	/System/Library/Frameworks/OpenDirectory.framework/Versions/A/OpenDirectory
0x00007ff8196b2000 	/System/Library/PrivateFrameworks/APFS.framework/Versions/A/APFS
0x00007ff8184b4000 	/System/Library/Frameworks/SecurityFoundation.framework/Versions/A/SecurityFoundation
0x00007ff81972d000 	/usr/lib/libutil.dylib
0x00007ff810ac6000 	/System/Library/PrivateFrameworks/CoreServicesStore.framework/Versions/A/CoreServicesStore
0x00007ff819731000 	/usr/lib/libxslt.1.dylib
0x00007ff818541000 	/System/Library/PrivateFrameworks/BackgroundTaskManagement.framework/Versions/A/BackgroundTaskManagement
0x00007ff81ab9c000 	/System/Library/Frameworks/ImageIO.framework/Versions/A/Resources/libRadiance.dylib
0x00007ff81aba5000 	/System/Library/Frameworks/ImageIO.framework/Versions/A/Resources/libJPEG.dylib
0x00007ff81aaf6000 	/System/Library/Frameworks/ImageIO.framework/Versions/A/Resources/libPng.dylib
0x00007ff81ab17000 	/System/Library/Frameworks/ImageIO.framework/Versions/A/Resources/libTIFF.dylib
0x00007ff81ac05000 	/System/Library/Frameworks/ImageIO.framework/Versions/A/Resources/libGIF.dylib
0x00007ff81a431000 	/System/Library/Frameworks/ImageIO.framework/Versions/A/Resources/libJP2.dylib
0x00007ff819b6f000 	/usr/lib/libexpat.1.dylib
0x00007ff81a3e6000 	/System/Library/PrivateFrameworks/AppleJPEG.framework/Versions/A/AppleJPEG
0x00007ff816d49000 	/System/Library/PrivateFrameworks/FontServices.framework/libFontParser.dylib
0x00007ff814866000 	/System/Library/PrivateFrameworks/RunningBoardServices.framework/Versions/A/RunningBoardServices
0x00007ff825555000 	/System/Library/PrivateFrameworks/IOSurfaceAccelerator.framework/Versions/A/IOSurfaceAccelerator
0x00007ff81a513000 	/System/Library/PrivateFrameworks/WatchdogClient.framework/Versions/A/WatchdogClient
0x00007ff80f4cc000 	/System/Library/Frameworks/CoreDisplay.framework/Versions/A/CoreDisplay
0x00007ff816c47000 	/System/Library/Frameworks/CoreMedia.framework/Versions/A/CoreMedia
0x00007ff816ade000 	/System/Library/PrivateFrameworks/IOAccelerator.framework/Versions/A/IOAccelerator
0x00007ff8159e5000 	/System/Library/Frameworks/CoreVideo.framework/Versions/A/CoreVideo
0x00007ff8191c5000 	/System/Library/Frameworks/MetalPerformanceShaders.framework/Versions/A/MetalPerformanceShaders
0x00007ff81a550000 	/System/Library/Frameworks/VideoToolbox.framework/Versions/A/VideoToolbox
0x00007ff8147b0000 	/System/Library/PrivateFrameworks/BaseBoard.framework/Versions/A/BaseBoard
0x00007ff814537000 	/System/Library/PrivateFrameworks/ProtocolBuffer.framework/Versions/A/ProtocolBuffer
0x00007ff81ab95000 	/System/Library/PrivateFrameworks/GPUWrangler.framework/Versions/A/GPUWrangler
0x00007ff81ab79000 	/System/Library/PrivateFrameworks/IOPresentment.framework/Versions/A/IOPresentment
0x00007ff81ab9f000 	/System/Library/PrivateFrameworks/DSExternalDisplay.framework/Versions/A/DSExternalDisplay
0x00007ffa261fa000 	/System/Library/Frameworks/OpenGL.framework/Versions/A/Libraries/libCoreFSCache.dylib
0x00007ffb12eb6000 	/System/Library/PrivateFrameworks/GPUCompiler.framework/Versions/31001/Libraries/libGPUCompilerUtils.dylib
0x00007ff81ac0a000 	/System/Library/PrivateFrameworks/CMCaptureCore.framework/Versions/A/CMCaptureCore
0x00007ff81a117000 	/System/Library/PrivateFrameworks/AppServerSupport.framework/Versions/A/AppServerSupport
0x00007ff81c3d6000 	/System/Library/PrivateFrameworks/perfdata.framework/Versions/A/perfdata
0x00007ff80f5f8000 	/System/Library/PrivateFrameworks/AudioToolboxCore.framework/Versions/A/AudioToolboxCore
0x00007ff816c25000 	/System/Library/PrivateFrameworks/caulk.framework/Versions/A/caulk
0x00007ff81bce8000 	/usr/lib/libAudioStatistics.dylib
0x00007ff913490000 	/System/Library/PrivateFrameworks/SystemPolicy.framework/Versions/A/SystemPolicy
0x00007ff81bf43000 	/usr/lib/libSMC.dylib
0x00007ff824e50000 	/System/Library/Frameworks/CoreMIDI.framework/Versions/A/CoreMIDI
0x00007ff81aac5000 	/usr/lib/libAudioToolboxUtility.dylib
0x00007ff90f733000 	/System/Library/PrivateFrameworks/OSAServicesClient.framework/Versions/A/OSAServicesClient
0x00007ff81c3e3000 	/usr/lib/libperfcheck.dylib
0x00007ff913f3a000 	/usr/lib/libmis.dylib
0x00007ffa26255000 	/System/Library/Frameworks/OpenGL.framework/Versions/A/Libraries/libGLU.dylib
0x00007ffa26219000 	/System/Library/Frameworks/OpenGL.framework/Versions/A/Libraries/libGFXShared.dylib
0x00007ffa26422000 	/System/Library/Frameworks/OpenGL.framework/Versions/A/Libraries/libGL.dylib
0x00007ffa26222000 	/System/Library/Frameworks/OpenGL.framework/Versions/A/Libraries/libGLImage.dylib
0x00007ffa26216000 	/System/Library/Frameworks/OpenGL.framework/Versions/A/Libraries/libCVMSPluginSupport.dylib
0x00007ffa26201000 	/System/Library/Frameworks/OpenGL.framework/Versions/A/Libraries/libCoreVMClient.dylib
0x00007ff817791000 	/System/Library/Frameworks/MetalPerformanceShaders.framework/Versions/A/Frameworks/MPSCore.framework/Versions/A/MPSCore
0x00007ff818b5d000 	/System/Library/Frameworks/MetalPerformanceShaders.framework/Versions/A/Frameworks/MPSImage.framework/Versions/A/MPSImage
0x00007ff818600000 	/System/Library/Frameworks/MetalPerformanceShaders.framework/Versions/A/Frameworks/MPSNeuralNetwork.framework/Versions/A/MPSNeuralNetwork
0x00007ff818a74000 	/System/Library/Frameworks/MetalPerformanceShaders.framework/Versions/A/Frameworks/MPSMatrix.framework/Versions/A/MPSMatrix
0x00007ff81882f000 	/System/Library/Frameworks/MetalPerformanceShaders.framework/Versions/A/Frameworks/MPSRayIntersector.framework/Versions/A/MPSRayIntersector
0x00007ff818aac000 	/System/Library/Frameworks/MetalPerformanceShaders.framework/Versions/A/Frameworks/MPSNDArray.framework/Versions/A/MPSNDArray
0x00007ffa2b182000 	/System/Library/Frameworks/MetalPerformanceShaders.framework/Versions/A/Frameworks/MPSFunctions.framework/Versions/A/MPSFunctions
0x00007ff80e909000 	/System/Library/PrivateFrameworks/MetalTools.framework/Versions/A/MetalTools
0x00007ff81780d000 	/System/Library/PrivateFrameworks/AggregateDictionary.framework/Versions/A/AggregateDictionary
0x00007ff819951000 	/usr/lib/libIOReport.dylib
0x00007ffa27831000 	/System/Library/Frameworks/OpenCL.framework/Versions/A/OpenCL
0x00007ff819cb5000 	/System/Library/PrivateFrameworks/FaceCore.framework/Versions/A/FaceCore
0x00007ff819ca6000 	/System/Library/PrivateFrameworks/GraphVisualizer.framework/Versions/A/GraphVisualizer
0x00007ffb12dc1000 	/System/Library/PrivateFrameworks/FontServices.framework/Versions/A/FontServices
0x00007ff81a0cf000 	/System/Library/PrivateFrameworks/OTSVG.framework/Versions/A/OTSVG
0x00007ff8155cc000 	/System/Library/Frameworks/ApplicationServices.framework/Versions/A/Frameworks/ATS.framework/Versions/A/Resources/libFontRegistry.dylib
0x00007ff81a11f000 	/System/Library/PrivateFrameworks/FontServices.framework/libhvf.dylib
0x00007ffb12dc2000 	/System/Library/PrivateFrameworks/FontServices.framework/libXTFontStaticRegistryData.dylib
0x00007ff819b1f000 	/System/Library/PrivateFrameworks/AppleVA.framework/Versions/A/AppleVA
0x00007ff81bd08000 	/System/Library/Frameworks/ApplicationServices.framework/Versions/A/Frameworks/ATS.framework/Versions/A/ATS
0x00007ff813c7e000 	/System/Library/Frameworks/ApplicationServices.framework/Versions/A/Frameworks/HIServices.framework/Versions/A/HIServices
0x00007ff81ac14000 	/System/Library/Frameworks/ApplicationServices.framework/Versions/A/Frameworks/PrintCore.framework/Versions/A/PrintCore
0x00007ff81c096000 	/System/Library/Frameworks/ApplicationServices.framework/Versions/A/Frameworks/QD.framework/Versions/A/QD
0x00007ff81c08e000 	/System/Library/Frameworks/ApplicationServices.framework/Versions/A/Frameworks/ColorSyncLegacy.framework/Versions/A/ColorSyncLegacy
0x00007ff81bcf8000 	/System/Library/Frameworks/ApplicationServices.framework/Versions/A/Frameworks/SpeechSynthesis.framework/Versions/A/SpeechSynthesis
0x00007ff81abd5000 	/System/Library/Frameworks/ApplicationServices.framework/Versions/A/Frameworks/ATSUI.framework/Versions/A/ATSUI
0x00007ff81c023000 	/usr/lib/libcups.2.dylib
0x00007ff81c3f2000 	/System/Library/Frameworks/Kerberos.framework/Versions/A/Kerberos
0x00007ff81c401000 	/System/Library/Frameworks/GSS.framework/Versions/A/GSS
0x00007ff81bd74000 	/usr/lib/libresolv.9.dylib
0x00007ff81a12e000 	/System/Library/PrivateFrameworks/Heimdal.framework/Versions/A/Heimdal
0x00007ff822fce000 	/System/Library/Frameworks/Kerberos.framework/Versions/A/Libraries/libHeimdalProxy.dylib
0x00007ff814939000 	/System/Library/Frameworks/Network.framework/Versions/A/Network
0x00007ff819b89000 	/usr/lib/libheimdal-asn1.dylib
0x00007ff81c44c000 	/System/Library/PrivateFrameworks/CommonAuth.framework/Versions/A/CommonAuth
0x00007ff81bc7a000 	/System/Library/PrivateFrameworks/AudioSession.framework/Versions/A/AudioSession
0x00007ff819c19000 	/System/Library/PrivateFrameworks/MediaExperience.framework/Versions/A/MediaExperience
0x00007ff81bb0d000 	/System/Library/PrivateFrameworks/AudioSession.framework/libSessionUtility.dylib
0x00007ff81c0a2000 	/System/Library/PrivateFrameworks/AudioResourceArbitration.framework/Versions/A/AudioResourceArbitration
0x00007ff820115000 	/System/Library/PrivateFrameworks/PowerLog.framework/Versions/A/PowerLog
0x00007ff819b92000 	/System/Library/PrivateFrameworks/IconFoundation.framework/Versions/A/IconFoundation
0x00007ff81eecb000 	/System/Library/PrivateFrameworks/SpeechRecognitionCore.framework/Versions/A/SpeechRecognitionCore
0x0000000110f3c000 	/Users/basem/Library/Java/JavaVirtualMachines/openjdk-17.0.2/Contents/Home/lib/server/libjvm.dylib
0x000000010ff2a000 	/Users/basem/Library/Java/JavaVirtualMachines/openjdk-17.0.2/Contents/Home/lib/libjimage.dylib
0x000000010ff4d000 	/Users/basem/Library/Java/JavaVirtualMachines/openjdk-17.0.2/Contents/Home/lib/libinstrument.dylib
0x000000010ff8f000 	/Users/basem/Library/Java/JavaVirtualMachines/openjdk-17.0.2/Contents/Home/lib/libjava.dylib
0x0000000110e1a000 	/Users/basem/Library/Java/JavaVirtualMachines/openjdk-17.0.2/Contents/Home/lib/libnio.dylib
0x0000000110e36000 	/Users/basem/Library/Java/JavaVirtualMachines/openjdk-17.0.2/Contents/Home/lib/libnet.dylib
0x0000000110e56000 	/Users/basem/Library/Java/JavaVirtualMachines/openjdk-17.0.2/Contents/Home/lib/libzip.dylib
0x000000010ff7d000 	/Users/basem/.openjfx/cache/17-ea/libprism_es2.dylib
0x00007ff810a88000 	/System/Library/PrivateFrameworks/CoreServicesInternal.framework/Versions/A/CoreServicesInternal
0x00007ffa2642d000 	/System/Library/Frameworks/OpenGL.framework/Versions/A/Resources/GLEngine.bundle/GLEngine
0x00007ffa26293000 	/System/Library/Frameworks/OpenGL.framework/Versions/A/Libraries/libGLProgrammability.dylib
0x00007ffa1b2ae000 	/System/Library/Extensions/AppleIntelKBLGraphicsGLDriver.bundle/Contents/MacOS/AppleIntelKBLGraphicsGLDriver
0x00007ff91e074000 	/System/Library/PrivateFrameworks/GPUSupport.framework/Versions/A/Libraries/libGPUSupportMercury.dylib
0x00007ffa265b7000 	/System/Library/Frameworks/OpenGL.framework/Versions/A/Resources/GLRendererFloat.bundle/GLRendererFloat
0x000000011aa31000 	/Users/basem/.openjfx/cache/17-ea/libglass.dylib
0x00007ff820706000 	/System/Library/Frameworks/FileProvider.framework/Versions/A/FileProvider
0x00007ff81471d000 	/System/Library/Frameworks/Accounts.framework/Versions/A/Accounts
0x00007ff82087f000 	/System/Library/PrivateFrameworks/GenerationalStorage.framework/Versions/A/GenerationalStorage
0x00007ff821392000 	/System/Library/PrivateFrameworks/CoreSymbolication.framework/Versions/A/CoreSymbolication
0x00007ff82010a000 	/System/Library/PrivateFrameworks/SymptomDiagnosticReporter.framework/Versions/A/SymptomDiagnosticReporter
0x00007ff811d46000 	/System/Library/PrivateFrameworks/DesktopServicesPriv.framework/Versions/A/DesktopServicesPriv
0x00007ff810bc7000 	/usr/lib/libsandbox.1.dylib
0x00007ff815a64000 	/System/Library/PrivateFrameworks/UserManagement.framework/Versions/A/UserManagement
0x00007ff821357000 	/System/Library/PrivateFrameworks/DebugSymbols.framework/Versions/A/DebugSymbols
0x00007ff81c083000 	/System/Library/PrivateFrameworks/NetAuth.framework/Versions/A/NetAuth
0x00007ff81cf90000 	/System/Library/PrivateFrameworks/Sharing.framework/Versions/A/Sharing
0x00007ff815a37000 	/System/Library/PrivateFrameworks/login.framework/Versions/A/Frameworks/loginsupport.framework/Versions/A/loginsupport
0x00007ff8224f5000 	/System/Library/PrivateFrameworks/Apple80211.framework/Versions/A/Apple80211
0x00007ff818c42000 	/System/Library/PrivateFrameworks/AuthKit.framework/Versions/A/AuthKit
0x00007ff81828d000 	/System/Library/PrivateFrameworks/CoreUtils.framework/Versions/A/CoreUtils
0x00007ff8181b4000 	/System/Library/Frameworks/CoreWLAN.framework/Versions/A/CoreWLAN
0x00007ff81d0ef000 	/System/Library/Frameworks/IOBluetooth.framework/Versions/A/IOBluetooth
0x00007ff82255d000 	/System/Library/PrivateFrameworks/CoreWiFi.framework/Versions/A/CoreWiFi
0x00007ff820f29000 	/System/Library/PrivateFrameworks/FrontBoardServices.framework/Versions/A/FrontBoardServices
0x00007ff820fba000 	/System/Library/PrivateFrameworks/BoardServices.framework/Versions/A/BoardServices
0x00007ff8184a3000 	/System/Library/PrivateFrameworks/AssertionServices.framework/Versions/A/AssertionServices
0x00007ff8226e0000 	/System/Library/PrivateFrameworks/BackBoardServices.framework/Versions/A/BackBoardServices
0x00007ff81c4dd000 	/System/Library/PrivateFrameworks/CorePhoneNumbers.framework/Versions/A/CorePhoneNumbers
0x00007ff820227000 	/System/Library/PrivateFrameworks/DiskManagement.framework/Versions/A/DiskManagement
0x00007ff82013b000 	/System/Library/PrivateFrameworks/AppleIDAuthSupport.framework/Versions/A/AppleIDAuthSupport
0x00007ffa2d743000 	/System/Library/PrivateFrameworks/AAAFoundation.framework/Versions/A/AAAFoundation
0x00007ff81c4be000 	/System/Library/PrivateFrameworks/KeychainCircle.framework/Versions/A/KeychainCircle
0x00007ff8201f3000 	/System/Library/PrivateFrameworks/MediaKit.framework/Versions/A/MediaKit
0x00007ff820147000 	/System/Library/Frameworks/DiscRecording.framework/Versions/A/DiscRecording
0x00007ff819a97000 	/usr/lib/libCoreStorage.dylib
0x00007ff8229ce000 	/usr/lib/libcsfde.dylib
0x00007ff81d1bc000 	/System/Library/PrivateFrameworks/ProtectedCloudStorage.framework/Versions/A/ProtectedCloudStorage
0x00007ff8229ca000 	/System/Library/PrivateFrameworks/EFILogin.framework/Versions/A/EFILogin
0x00007ff8208a5000 	/System/Library/PrivateFrameworks/OctagonTrust.framework/Versions/A/OctagonTrust
0x00007ffb12030000 	/System/Library/PrivateFrameworks/CoreUtilsExtras.framework/Versions/A/CoreUtilsExtras
0x00007ff82006e000 	/System/Library/Frameworks/CoreBluetooth.framework/Versions/A/CoreBluetooth
0x00007ff823053000 	/System/Library/Frameworks/AudioUnit.framework/Versions/A/AudioUnit
0x00007ff819a8f000 	/usr/lib/libMatch.1.dylib
0x00007ff918513000 	/System/Library/Frameworks/Accelerate.framework/Versions/A/Frameworks/vImage.framework/Versions/A/Libraries/libCGInterfaces.dylib
0x0000000132a80000 	/usr/lib/libobjc-trampolines.dylib
0x00007ff81575c000 	/System/Library/PrivateFrameworks/ViewBridge.framework/Versions/A/ViewBridge


VM Arguments:
jvm_args: -javaagent:/Users/basem/Library/Application Support/JetBrains/Toolbox/apps/IDEA-U/ch-0/212.4746.92/IntelliJ IDEA.app/Contents/lib/idea_rt.jar=54401:/Users/basem/Library/Application Support/JetBrains/Toolbox/apps/IDEA-U/ch-0/212.4746.92/IntelliJ IDEA.app/Contents/bin -Dfile.encoding=UTF-8 --module-path=/Users/basem/.m2/repository/org/openjfx/javafx-controls/17-ea+11/javafx-controls-17-ea+11-mac.jar:/Users/basem/.m2/repository/org/projectlombok/lombok/1.18.22/lombok-1.18.22.jar:/Users/basem/.m2/repository/org/openjfx/javafx-graphics/17-ea+11/javafx-graphics-17-ea+11-mac.jar:/Users/basem/Desktop/FH Technikum/SEM2/SWEN/TourPlanner/target/classes:/Users/basem/.m2/repository/org/openjfx/javafx-base/17-ea+11/javafx-base-17-ea+11-mac.jar:/Users/basem/.m2/repository/org/openjfx/javafx-fxml/16/javafx-fxml-16-mac.jar -Djdk.module.main=com.example.tourplanner 
java_command: com.example.tourplanner/com.example.tourplanner.TourPlannerApplication
java_class_path (initial): /Users/basem/.m2/repository/org/openjfx/javafx-controls/17-ea+11/javafx-controls-17-ea+11.jar:/Users/basem/.m2/repository/org/openjfx/javafx-graphics/17-ea+11/javafx-graphics-17-ea+11.jar:/Users/basem/.m2/repository/org/openjfx/javafx-base/17-ea+11/javafx-base-17-ea+11.jar:/Users/basem/.m2/repository/org/openjfx/javafx-fxml/16/javafx-fxml-16.jar
Launcher Type: SUN_STANDARD

[Global flags]
     intx CICompilerCount                          = 3                                         {product} {ergonomic}
     uint ConcGCThreads                            = 1                                         {product} {ergonomic}
     uint G1ConcRefinementThreads                  = 4                                         {product} {ergonomic}
   size_t G1HeapRegionSize                         = 1048576                                   {product} {ergonomic}
    uintx GCDrainStackTargetSize                   = 64                                        {product} {ergonomic}
   size_t InitialHeapSize                          = 134217728                                 {product} {ergonomic}
   size_t MarkStackSize                            = 4194304                                   {product} {ergonomic}
   size_t MaxHeapSize                              = 2147483648                                {product} {ergonomic}
   size_t MaxNewSize                               = 1287651328                                {product} {ergonomic}
   size_t MinHeapDeltaBytes                        = 1048576                                   {product} {ergonomic}
   size_t MinHeapSize                              = 8388608                                   {product} {ergonomic}
    uintx NonNMethodCodeHeapSize                   = 5832780                                {pd product} {ergonomic}
    uintx NonProfiledCodeHeapSize                  = 122912730                              {pd product} {ergonomic}
    uintx ProfiledCodeHeapSize                     = 122912730                              {pd product} {ergonomic}
    uintx ReservedCodeCacheSize                    = 251658240                              {pd product} {ergonomic}
     bool SegmentedCodeCache                       = true                                      {product} {ergonomic}
   size_t SoftMaxHeapSize                          = 2147483648                             {manageable} {ergonomic}
     bool UseCompressedClassPointers               = true                           {product lp64_product} {ergonomic}
     bool UseCompressedOops                        = true                           {product lp64_product} {ergonomic}
     bool UseG1GC                                  = true                                      {product} {ergonomic}
     bool UseNUMA                                  = false                                     {product} {ergonomic}
     bool UseNUMAInterleaving                      = false                                     {product} {ergonomic}

Logging:
Log output configuration:
 #0: stdout all=warning uptime,level,tags
 #1: stderr all=off uptime,level,tags

Environment Variables:
PATH=/usr/local/bin:/usr/bin:/bin:/usr/sbin:/sbin:/Applications/VMware Fusion.app/Contents/Public:/Library/Apple/usr/bin
SHELL=/bin/zsh
LC_CTYPE=de_AT.UTF-8

Signal Handlers:
   SIGSEGV: _ZL13crash_handleriP9__siginfoPv in libjvm.dylib, mask=11100110000111110111111111111111, flags=SA_RESTART|SA_SIGINFO
    SIGBUS: _ZL13crash_handleriP9__siginfoPv in libjvm.dylib, mask=11100110000111110111111111111111, flags=SA_RESTART|SA_SIGINFO
    SIGFPE: _ZL13crash_handleriP9__siginfoPv in libjvm.dylib, mask=11100110000111110111111111111111, flags=SA_RESTART|SA_SIGINFO
   SIGPIPE: _ZL17javaSignalHandleriP9__siginfoPv in libjvm.dylib, mask=11100110000111110111111111111111, flags=SA_RESTART|SA_SIGINFO
   SIGXFSZ: _ZL17javaSignalHandleriP9__siginfoPv in libjvm.dylib, mask=11100110000111110111111111111111, flags=SA_RESTART|SA_SIGINFO
    SIGILL: _ZL13crash_handleriP9__siginfoPv in libjvm.dylib, mask=11100110000111110111111111111111, flags=SA_RESTART|SA_SIGINFO
   SIGUSR2: _ZL10SR_handleriP9__siginfoP17__darwin_ucontext in libjvm.dylib, mask=00100000000000000000000000000000, flags=SA_RESTART|SA_SIGINFO
    SIGHUP: _ZL11UserHandleriPvS_ in libjvm.dylib, mask=11100110000111110111111111111111, flags=SA_RESTART|SA_SIGINFO
    SIGINT: _ZL11UserHandleriPvS_ in libjvm.dylib, mask=11100110000111110111111111111111, flags=SA_RESTART|SA_SIGINFO
   SIGTERM: _ZL11UserHandleriPvS_ in libjvm.dylib, mask=11100110000111110111111111111111, flags=SA_RESTART|SA_SIGINFO
   SIGQUIT: _ZL11UserHandleriPvS_ in libjvm.dylib, mask=11100110000111110111111111111111, flags=SA_RESTART|SA_SIGINFO
   SIGTRAP: _ZL13crash_handleriP9__siginfoPv in libjvm.dylib, mask=11100110000111110111111111111111, flags=SA_RESTART|SA_SIGINFO


---------------  S Y S T E M  ---------------

OS:
uname: Darwin 21.4.0 Darwin Kernel Version 21.4.0: Mon Feb 21 20:34:37 PST 2022; root:xnu-8020.101.4~2/RELEASE_X86_64 x86_64
OS uptime: 2 days 14:40 hours
rlimit (soft/hard): STACK 8192k/65532k , CORE 0k/infinity , NPROC 1392/2088 , NOFILE 10240/infinity , AS infinity/infinity , CPU infinity/infinity , DATA infinity/infinity , FSIZE infinity/infinity , MEMLOCK infinity/infinity , RSS infinity/infinity
load average: 3.22 3.40 2.82

CPU: total 4 (initial active 4) (2 cores per cpu, 2 threads per core) family 6 model 142 stepping 9 microcode 0xec, cx8, cmov, fxsr, ht, mmx, 3dnowpref, sse, sse2, sse3, ssse3, sse4.1, sse4.2, popcnt, lzcnt, tsc, tscinvbit, avx, avx2, aes, erms, clmul, bmi1, bmi2, rtm, adx, fma, vzeroupper, clflush, clflushopt

Memory: 4k page, physical 8388608k(51200k free), swap 2097152k(779008k free)

vm_info: OpenJDK 64-Bit Server VM (17.0.2+8-86) for bsd-amd64 JRE (17.0.2+8-86), built on Dec  7 2021 21:47:33 by "mach5one" with clang Apple LLVM 12.0.0 (clang-1200.0.32.29)

END.
